2023-09-15 21:00:37,588 [INFO] Activator:177 - 


2023-09-15 21:00:37,589 [INFO] Activator:178 - !SESSION log4j initialized
2023-09-15 21:01:16,348 [INFO] McuFinderGlobals:39 - Set McuFinder mode to 2 (CubeIDE integrated)
2023-09-15 21:01:16,627 [INFO] ApplicationProperties:181 - Using Application install path: C:\ST\STM32CubeIDE_1.7.0\STM32CubeIDE\plugins\com.st.stm32cube.common.mx_6.3.0.202107141111
2023-09-15 21:01:16,642 [INFO] DbMcusXml:74 - Set database path to: C:\ST\STM32CubeIDE_1.7.0\STM32CubeIDE\plugins\com.st.stm32cube.common.mx_6.3.0.202107141111\\db\/mcu/
2023-09-15 21:01:16,647 [INFO] DbBoardsPdsc:56 - Set plugin database path to: C:\ST\STM32CubeIDE_1.7.0\STM32CubeIDE\plugins\com.st.stm32cube.common.mx_6.3.0.202107141111\\db\/plugins/boardmanager/
2023-09-15 21:01:16,648 [INFO] DbMcus:258 - Set plugin images path to: C:\ST\STM32CubeIDE_1.7.0\STM32CubeIDE\plugins\com.st.stm32cube.common.mx_6.3.0.202107141111\\db\/plugins/mcufinder/images/
2023-09-15 21:01:16,648 [INFO] DbBoards:264 - Set plugin images path to: C:\ST\STM32CubeIDE_1.7.0\STM32CubeIDE\plugins\com.st.stm32cube.common.mx_6.3.0.202107141111\\db\/plugins/mcufinder/images/
2023-09-15 21:01:16,651 [INFO] DbExamples:333 - Set plugin images path to: C:\ST\STM32CubeIDE_1.7.0\STM32CubeIDE\plugins\com.st.stm32cube.common.mx_6.3.0.202107141111\\db\/plugins/mcufinder/images/
2023-09-15 21:01:16,662 [INFO] DbMcusAds:119 - Set database path to: C:\Users\Huy\.stmcufinder\plugins\mcufinder//mcu/
2023-09-15 21:01:16,663 [INFO] DbMcusDocs:110 - Set database path to: C:\Users\Huy\.stmcufinder\plugins\mcufinder//mcu/
2023-09-15 21:01:16,665 [INFO] DbMcusJson:64 - Set database path to: C:\Users\Huy\.stmcufinder\plugins\mcufinder//mcu/
2023-09-15 21:01:16,666 [INFO] DbBoardsDocs:110 - Set database path to: C:\Users\Huy\.stmcufinder\plugins\mcufinder//mcu/
2023-09-15 21:01:16,667 [INFO] DbBoardsJson:57 - Set database path to: C:\Users\Huy\.stmcufinder\plugins\mcufinder//mcu/
2023-09-15 21:01:17,788 [INFO] CrossReferenceDbSqlite:196 - Set database path to: C:\Users\Huy\.stmcufinder\plugins\mcufinder//mcu/cs/
2023-09-15 21:01:17,799 [INFO] DbExamplesSqlite:767 - Set database path to: C:\Users\Huy\.stmcufinder\plugins\mcufinder//mcu/
2023-09-15 21:01:17,960 [INFO] RulesReader:57 - Compatibility file has been processed (242 Rules)
2023-09-15 21:01:18,076 [INFO] DbMcusXml:74 - Set database path to: C:\ST\STM32CubeIDE_1.7.0\STM32CubeIDE\plugins\com.st.stm32cube.common.mx_6.3.0.202107141111\\db\/mcu/
2023-09-15 21:01:18,078 [INFO] DbBoardsPdsc:56 - Set plugin database path to: C:\ST\STM32CubeIDE_1.7.0\STM32CubeIDE\plugins\com.st.stm32cube.common.mx_6.3.0.202107141111\\db\/plugins/boardmanager/
2023-09-15 21:01:18,078 [INFO] DbMcus:258 - Set plugin images path to: C:\ST\STM32CubeIDE_1.7.0\STM32CubeIDE\plugins\com.st.stm32cube.common.mx_6.3.0.202107141111\\db\/plugins/mcufinder/images/
2023-09-15 21:01:18,078 [INFO] DbBoards:264 - Set plugin images path to: C:\ST\STM32CubeIDE_1.7.0\STM32CubeIDE\plugins\com.st.stm32cube.common.mx_6.3.0.202107141111\\db\/plugins/mcufinder/images/
2023-09-15 21:01:18,078 [INFO] DbExamples:333 - Set plugin images path to: C:\ST\STM32CubeIDE_1.7.0\STM32CubeIDE\plugins\com.st.stm32cube.common.mx_6.3.0.202107141111\\db\/plugins/mcufinder/images/
2023-09-15 21:01:18,078 [WARN] DbFile:35 - Overriding database path with different value: C:\Users\Huy\.stmcufinder\plugins\mcufinder/ => C:\Users\Huy\.stmcufinder\plugins\mcufinder
2023-09-15 21:01:18,078 [INFO] DbMcusAds:119 - Set database path to: C:\Users\Huy\.stmcufinder\plugins\mcufinder//mcu/
2023-09-15 21:01:18,079 [WARN] DbFile:35 - Overriding database path with different value: C:\Users\Huy\.stmcufinder\plugins\mcufinder/ => C:\Users\Huy\.stmcufinder\plugins\mcufinder
2023-09-15 21:01:18,079 [INFO] DbMcusDocs:110 - Set database path to: C:\Users\Huy\.stmcufinder\plugins\mcufinder//mcu/
2023-09-15 21:01:18,079 [WARN] DbFile:35 - Overriding database path with different value: C:\Users\Huy\.stmcufinder\plugins\mcufinder/ => C:\Users\Huy\.stmcufinder\plugins\mcufinder
2023-09-15 21:01:18,079 [INFO] DbMcusJson:64 - Set database path to: C:\Users\Huy\.stmcufinder\plugins\mcufinder//mcu/
2023-09-15 21:01:18,079 [WARN] DbFile:35 - Overriding database path with different value: C:\Users\Huy\.stmcufinder\plugins\mcufinder/ => C:\Users\Huy\.stmcufinder\plugins\mcufinder
2023-09-15 21:01:18,079 [INFO] DbBoardsDocs:110 - Set database path to: C:\Users\Huy\.stmcufinder\plugins\mcufinder//mcu/
2023-09-15 21:01:18,079 [WARN] DbFile:35 - Overriding database path with different value: C:\Users\Huy\.stmcufinder\plugins\mcufinder/ => C:\Users\Huy\.stmcufinder\plugins\mcufinder
2023-09-15 21:01:18,080 [INFO] DbBoardsJson:57 - Set database path to: C:\Users\Huy\.stmcufinder\plugins\mcufinder//mcu/
2023-09-15 21:01:18,080 [WARN] DbFile:35 - Overriding database path with different value: C:\Users\Huy\.stmcufinder\plugins\mcufinder/ => C:\Users\Huy\.stmcufinder\plugins\mcufinder
2023-09-15 21:01:18,080 [WARN] DbFile:35 - Overriding database path with different value: C:\Users\Huy\.stmcufinder\plugins\mcufinder/ => C:\Users\Huy\.stmcufinder\plugins\mcufinder
2023-09-15 21:01:18,782 [INFO] CrossReferenceDbSqlite:196 - Set database path to: C:\Users\Huy\.stmcufinder\plugins\mcufinder//mcu/cs/
2023-09-15 21:01:18,782 [WARN] DbFile:35 - Overriding database path with different value: C:\Users\Huy\.stmcufinder\plugins\mcufinder/ => C:\Users\Huy\.stmcufinder\plugins\mcufinder
2023-09-15 21:01:18,782 [INFO] DbExamplesSqlite:767 - Set database path to: C:\Users\Huy\.stmcufinder\plugins\mcufinder//mcu/
2023-09-15 21:01:18,912 [INFO] MainPanel:214 - HeapMemory: 268435456
2023-09-15 21:01:19,011 [INFO] DbMcusXml:74 - Set database path to: C:\ST\STM32CubeIDE_1.7.0\STM32CubeIDE\plugins\com.st.stm32cube.common.mx_6.3.0.202107141111\\db\/mcu/
2023-09-15 21:01:19,011 [INFO] DbBoardsPdsc:56 - Set plugin database path to: C:\ST\STM32CubeIDE_1.7.0\STM32CubeIDE\plugins\com.st.stm32cube.common.mx_6.3.0.202107141111\\db\/plugins/boardmanager/
2023-09-15 21:01:19,012 [INFO] DbMcus:258 - Set plugin images path to: C:\ST\STM32CubeIDE_1.7.0\STM32CubeIDE\plugins\com.st.stm32cube.common.mx_6.3.0.202107141111\\db\/plugins/mcufinder/images/
2023-09-15 21:01:19,012 [INFO] DbBoards:264 - Set plugin images path to: C:\ST\STM32CubeIDE_1.7.0\STM32CubeIDE\plugins\com.st.stm32cube.common.mx_6.3.0.202107141111\\db\/plugins/mcufinder/images/
2023-09-15 21:01:19,012 [INFO] DbExamples:333 - Set plugin images path to: C:\ST\STM32CubeIDE_1.7.0\STM32CubeIDE\plugins\com.st.stm32cube.common.mx_6.3.0.202107141111\\db\/plugins/mcufinder/images/
2023-09-15 21:01:19,013 [WARN] DbFile:35 - Overriding database path with different value: C:\Users\Huy\.stmcufinder\plugins\mcufinder/ => C:\Users\Huy\.stmcufinder\plugins\mcufinder
2023-09-15 21:01:19,013 [INFO] DbMcusAds:119 - Set database path to: C:\Users\Huy\.stmcufinder\plugins\mcufinder//mcu/
2023-09-15 21:01:19,013 [WARN] DbFile:35 - Overriding database path with different value: C:\Users\Huy\.stmcufinder\plugins\mcufinder/ => C:\Users\Huy\.stmcufinder\plugins\mcufinder
2023-09-15 21:01:19,013 [INFO] DbMcusDocs:110 - Set database path to: C:\Users\Huy\.stmcufinder\plugins\mcufinder//mcu/
2023-09-15 21:01:19,013 [WARN] DbFile:35 - Overriding database path with different value: C:\Users\Huy\.stmcufinder\plugins\mcufinder/ => C:\Users\Huy\.stmcufinder\plugins\mcufinder
2023-09-15 21:01:19,013 [INFO] DbMcusJson:64 - Set database path to: C:\Users\Huy\.stmcufinder\plugins\mcufinder//mcu/
2023-09-15 21:01:19,013 [WARN] DbFile:35 - Overriding database path with different value: C:\Users\Huy\.stmcufinder\plugins\mcufinder/ => C:\Users\Huy\.stmcufinder\plugins\mcufinder
2023-09-15 21:01:19,013 [INFO] DbBoardsDocs:110 - Set database path to: C:\Users\Huy\.stmcufinder\plugins\mcufinder//mcu/
2023-09-15 21:01:19,013 [WARN] DbFile:35 - Overriding database path with different value: C:\Users\Huy\.stmcufinder\plugins\mcufinder/ => C:\Users\Huy\.stmcufinder\plugins\mcufinder
2023-09-15 21:01:19,014 [INFO] DbBoardsJson:57 - Set database path to: C:\Users\Huy\.stmcufinder\plugins\mcufinder//mcu/
2023-09-15 21:01:19,014 [WARN] DbFile:35 - Overriding database path with different value: C:\Users\Huy\.stmcufinder\plugins\mcufinder/ => C:\Users\Huy\.stmcufinder\plugins\mcufinder
2023-09-15 21:01:19,014 [WARN] DbFile:35 - Overriding database path with different value: C:\Users\Huy\.stmcufinder\plugins\mcufinder/ => C:\Users\Huy\.stmcufinder\plugins\mcufinder
2023-09-15 21:01:19,789 [INFO] CrossReferenceDbSqlite:196 - Set database path to: C:\Users\Huy\.stmcufinder\plugins\mcufinder//mcu/cs/
2023-09-15 21:01:19,790 [WARN] DbFile:35 - Overriding database path with different value: C:\Users\Huy\.stmcufinder\plugins\mcufinder/ => C:\Users\Huy\.stmcufinder\plugins\mcufinder
2023-09-15 21:01:19,790 [INFO] DbExamplesSqlite:767 - Set database path to: C:\Users\Huy\.stmcufinder\plugins\mcufinder//mcu/
2023-09-15 21:01:19,844 [INFO] ApplicationProperties:181 - Using Application install path: C:\ST\STM32CubeIDE_1.7.0\STM32CubeIDE\plugins\com.st.stm32cube.common.mx_6.3.0.202107141111
2023-09-15 21:01:19,847 [INFO] PluginManage:188 - Search for loadable plugins [exclusion list=, ]
2023-09-15 21:01:19,850 [INFO] PluginManage:302 - Check plugin analytics
2023-09-15 21:01:21,034 [INFO] AnalyticsPlugin:257 - Accepted Software Licenses: 
2023-09-15 21:01:21,035 [INFO] AnalyticsPlugin:259 - Accepted CMSIS Pack Licenses: 
2023-09-15 21:01:21,035 [INFO] AnalyticsPlugin:261 - Accepted Firmware Licenses: 
2023-09-15 21:01:21,035 [INFO] PluginManage:352 - Loaded plugin analytics (category:tool,tabindex:-1)
2023-09-15 21:01:21,035 [INFO] PluginManage:302 - Check plugin clock
2023-09-15 21:01:21,053 [INFO] PluginManage:352 - Loaded plugin clock (category:base,tabindex:2)
2023-09-15 21:01:21,053 [INFO] PluginManage:302 - Check plugin ddr
2023-09-15 21:01:21,057 [INFO] PluginManage:352 - Loaded plugin ddr (category:tool,tabindex:6)
2023-09-15 21:01:21,057 [INFO] PluginManage:302 - Check plugin filemanager
2023-09-15 21:01:21,207 [INFO] PluginManage:352 - Loaded plugin filemanager (category:base,tabindex:10)
2023-09-15 21:01:21,207 [INFO] PluginManage:302 - Check plugin ipmanager
2023-09-15 21:01:21,218 [INFO] PluginManage:352 - Loaded plugin ipmanager (category:base,tabindex:5)
2023-09-15 21:01:21,218 [INFO] PluginManage:302 - Check plugin pinoutandconfiguration
2023-09-15 21:01:21,229 [INFO] PluginManage:352 - Loaded plugin pinoutandconfiguration (category:base,tabindex:1)
2023-09-15 21:01:21,230 [INFO] PluginManage:302 - Check plugin pinoutconfig
2023-09-15 21:01:21,261 [INFO] PluginManage:352 - Loaded plugin pinoutconfig (category:base,tabindex:0)
2023-09-15 21:01:21,261 [INFO] PluginManage:302 - Check plugin power
2023-09-15 21:01:21,273 [INFO] PluginManage:352 - Loaded plugin power (category:power,tabindex:4)
2023-09-15 21:01:21,273 [INFO] PluginManage:302 - Check plugin projectmanager
2023-09-15 21:01:21,290 [INFO] PluginManage:352 - Loaded plugin projectmanager (category:projectmanager,tabindex:3)
2023-09-15 21:01:21,290 [INFO] PluginManage:302 - Check plugin thirdparty
2023-09-15 21:01:21,412 [WARN] IntegrityCheckThread:78 - waiting for thirdparty lock release [integrity check]
2023-09-15 21:01:21,412 [INFO] PluginManage:352 - Loaded plugin thirdparty (category:base,tabindex:-1)
2023-09-15 21:01:21,413 [INFO] PluginManage:302 - Check plugin tools
2023-09-15 21:01:21,413 [INFO] IntegrityCheckThread:80 - entering critical section [integrity check]
2023-09-15 21:01:21,413 [INFO] ThirdPartyUpdaterWithRetryManager:66 - Updater plugin not ready yet. [1/15]
2023-09-15 21:01:21,415 [INFO] PluginManage:352 - Loaded plugin tools (category:base,tabindex:7)
2023-09-15 21:01:21,415 [INFO] PluginManage:302 - Check plugin tutovideos
2023-09-15 21:01:21,635 [INFO] PluginManage:352 - Loaded plugin tutovideos (category:base,tabindex:-1)
2023-09-15 21:01:21,635 [INFO] PluginManage:302 - Check plugin updater
2023-09-15 21:01:21,647 [INFO] PluginManage:352 - Loaded plugin updater (category:base,tabindex:12)
2023-09-15 21:01:21,647 [INFO] PluginManage:275 - PluginManage : Loaded plugins [13]
2023-09-15 21:01:21,817 [INFO] PinOutPanel:1463 - setPackage(No Configuration,No Configuration)
2023-09-15 21:01:21,902 [INFO] IPUIPlugin:74 - create IPUIPlugin
2023-09-15 21:01:21,902 [INFO] PluginManager:213 - loadIPPluginJar : add adc
2023-09-15 21:01:21,905 [INFO] IPUIPlugin:74 - create IPUIPlugin
2023-09-15 21:01:21,905 [INFO] PluginManager:213 - loadIPPluginJar : add aes
2023-09-15 21:01:21,907 [INFO] IPUIPlugin:74 - create IPUIPlugin
2023-09-15 21:01:21,908 [INFO] PluginManager:213 - loadIPPluginJar : add can
2023-09-15 21:01:21,909 [INFO] IPUIPlugin:74 - create IPUIPlugin
2023-09-15 21:01:21,909 [INFO] PluginManager:213 - loadIPPluginJar : add comp
2023-09-15 21:01:21,912 [INFO] IPUIPlugin:74 - create IPUIPlugin
2023-09-15 21:01:21,912 [INFO] PluginManager:213 - loadIPPluginJar : add cryp
2023-09-15 21:01:21,915 [INFO] IPUIPlugin:74 - create IPUIPlugin
2023-09-15 21:01:21,916 [INFO] PluginManager:213 - loadIPPluginJar : add dfsdm
2023-09-15 21:01:21,922 [INFO] IPUIPlugin:74 - create IPUIPlugin
2023-09-15 21:01:21,922 [INFO] PluginManager:213 - loadIPPluginJar : add dma
2023-09-15 21:01:21,924 [INFO] IPUIPlugin:74 - create IPUIPlugin
2023-09-15 21:01:21,925 [INFO] PluginManager:213 - loadIPPluginJar : add dma3
2023-09-15 21:01:21,926 [INFO] IPUIPlugin:74 - create IPUIPlugin
2023-09-15 21:01:21,927 [INFO] PluginManager:213 - loadIPPluginJar : add fatfs
2023-09-15 21:01:21,932 [INFO] IPUIPlugin:74 - create IPUIPlugin
2023-09-15 21:01:21,932 [INFO] PluginManager:213 - loadIPPluginJar : add fmc
2023-09-15 21:01:21,940 [INFO] IPUIPlugin:74 - create IPUIPlugin
2023-09-15 21:01:21,940 [INFO] PluginManager:213 - loadIPPluginJar : add freertos
2023-09-15 21:01:21,942 [INFO] IPUIPlugin:74 - create IPUIPlugin
2023-09-15 21:01:21,942 [INFO] PluginManager:213 - loadIPPluginJar : add genericplugin
2023-09-15 21:01:21,945 [INFO] IPUIPlugin:74 - create IPUIPlugin
2023-09-15 21:01:21,945 [INFO] PluginManager:213 - loadIPPluginJar : add gfxmmu
2023-09-15 21:01:21,951 [INFO] IPUIPlugin:74 - create IPUIPlugin
2023-09-15 21:01:21,951 [INFO] PluginManager:213 - loadIPPluginJar : add gic
2023-09-15 21:01:21,955 [INFO] IPUIPlugin:74 - create IPUIPlugin
2023-09-15 21:01:21,955 [INFO] PluginManager:213 - loadIPPluginJar : add gpio
2023-09-15 21:01:21,958 [INFO] IPUIPlugin:74 - create IPUIPlugin
2023-09-15 21:01:21,958 [INFO] PluginManager:213 - loadIPPluginJar : add gtzc
2023-09-15 21:01:21,961 [INFO] IPUIPlugin:74 - create IPUIPlugin
2023-09-15 21:01:21,961 [INFO] PluginManager:213 - loadIPPluginJar : add hash
2023-09-15 21:01:21,964 [INFO] IPUIPlugin:74 - create IPUIPlugin
2023-09-15 21:01:21,965 [INFO] PluginManager:213 - loadIPPluginJar : add i2c
2023-09-15 21:01:21,967 [INFO] IPUIPlugin:74 - create IPUIPlugin
2023-09-15 21:01:21,967 [INFO] PluginManager:213 - loadIPPluginJar : add i2s
2023-09-15 21:01:21,970 [INFO] IPUIPlugin:74 - create IPUIPlugin
2023-09-15 21:01:21,970 [INFO] PluginManager:213 - loadIPPluginJar : add ipddr
2023-09-15 21:01:21,977 [INFO] IPUIPlugin:74 - create IPUIPlugin
2023-09-15 21:01:21,977 [INFO] PluginManager:213 - loadIPPluginJar : add linkedlist
2023-09-15 21:01:21,980 [INFO] IPUIPlugin:74 - create IPUIPlugin
2023-09-15 21:01:21,980 [INFO] PluginManager:213 - loadIPPluginJar : add lorawan
2023-09-15 21:01:21,982 [INFO] IPUIPlugin:74 - create IPUIPlugin
2023-09-15 21:01:21,983 [INFO] PluginManager:213 - loadIPPluginJar : add ltdc
2023-09-15 21:01:21,987 [INFO] IPUIPlugin:74 - create IPUIPlugin
2023-09-15 21:01:21,987 [INFO] PluginManager:213 - loadIPPluginJar : add mdma
2023-09-15 21:01:21,991 [INFO] IPUIPlugin:74 - create IPUIPlugin
2023-09-15 21:01:21,991 [INFO] PluginManager:213 - loadIPPluginJar : add nvic
2023-09-15 21:01:21,994 [INFO] IPUIPlugin:74 - create IPUIPlugin
2023-09-15 21:01:21,994 [INFO] PluginManager:213 - loadIPPluginJar : add opamp
2023-09-15 21:01:21,997 [INFO] IPUIPlugin:74 - create IPUIPlugin
2023-09-15 21:01:21,997 [INFO] PluginManager:213 - loadIPPluginJar : add openamp
2023-09-15 21:01:22,001 [INFO] IPUIPlugin:74 - create IPUIPlugin
2023-09-15 21:01:22,001 [INFO] PluginManager:213 - loadIPPluginJar : add pdm2pcm
2023-09-15 21:01:22,007 [INFO] IPUIPlugin:74 - create IPUIPlugin
2023-09-15 21:01:22,010 [INFO] PluginManager:213 - loadIPPluginJar : add plateformsettings
2023-09-15 21:01:22,012 [INFO] IPUIPlugin:74 - create IPUIPlugin
2023-09-15 21:01:22,012 [INFO] PluginManager:213 - loadIPPluginJar : add quadspi
2023-09-15 21:01:22,015 [INFO] IPUIPlugin:74 - create IPUIPlugin
2023-09-15 21:01:22,016 [INFO] PluginManager:213 - loadIPPluginJar : add resmgrutility
2023-09-15 21:01:22,019 [INFO] IPUIPlugin:74 - create IPUIPlugin
2023-09-15 21:01:22,019 [INFO] PluginManager:213 - loadIPPluginJar : add sai
2023-09-15 21:01:22,021 [INFO] IPUIPlugin:74 - create IPUIPlugin
2023-09-15 21:01:22,022 [INFO] PluginManager:213 - loadIPPluginJar : add spi
2023-09-15 21:01:22,026 [INFO] IPUIPlugin:74 - create IPUIPlugin
2023-09-15 21:01:22,027 [INFO] PluginManager:213 - loadIPPluginJar : add stm32_wpan
2023-09-15 21:01:22,028 [INFO] IPUIPlugin:74 - create IPUIPlugin
2023-09-15 21:01:22,028 [INFO] PluginManager:213 - loadIPPluginJar : add tim
2023-09-15 21:01:22,031 [INFO] IPUIPlugin:74 - create IPUIPlugin
2023-09-15 21:01:22,031 [INFO] PluginManager:213 - loadIPPluginJar : add touchsensing
2023-09-15 21:01:22,033 [INFO] IPUIPlugin:74 - create IPUIPlugin
2023-09-15 21:01:22,033 [INFO] PluginManager:213 - loadIPPluginJar : add tracer_emb
2023-09-15 21:01:22,035 [INFO] IPUIPlugin:74 - create IPUIPlugin
2023-09-15 21:01:22,035 [INFO] PluginManager:213 - loadIPPluginJar : add ts
2023-09-15 21:01:22,036 [INFO] IPUIPlugin:74 - create IPUIPlugin
2023-09-15 21:01:22,037 [INFO] PluginManager:213 - loadIPPluginJar : add tsc
2023-09-15 21:01:22,039 [INFO] IPUIPlugin:74 - create IPUIPlugin
2023-09-15 21:01:22,039 [INFO] PluginManager:213 - loadIPPluginJar : add ucpd
2023-09-15 21:01:22,041 [INFO] IPUIPlugin:74 - create IPUIPlugin
2023-09-15 21:01:22,041 [INFO] PluginManager:213 - loadIPPluginJar : add usart
2023-09-15 21:01:22,043 [INFO] IPUIPlugin:74 - create IPUIPlugin
2023-09-15 21:01:22,043 [INFO] PluginManager:213 - loadIPPluginJar : add usbx
2023-09-15 21:01:22,446 [FATAL] Updater:294 - Updater called before beeing initialized
2023-09-15 21:01:22,548 [FATAL] Updater:294 - Updater called before beeing initialized
2023-09-15 21:01:22,552 [INFO] DbMcusAds:47 - JSON generation date=Tue Mar 07 15:50:55 ICT 2023 (1678179055335)
2023-09-15 21:01:22,553 [FATAL] Updater:294 - Updater called before beeing initialized
2023-09-15 21:01:22,595 [WARN] DetailPanel:314 - Failed to get advertising image, set to default
2023-09-15 21:01:22,681 [FATAL] Updater:294 - Updater called before beeing initialized
2023-09-15 21:01:22,682 [FATAL] Updater:294 - Updater called before beeing initialized
2023-09-15 21:01:22,682 [FATAL] Updater:294 - Updater called before beeing initialized
2023-09-15 21:01:22,682 [WARN] DetailPanel:314 - Failed to get advertising image, set to default
2023-09-15 21:01:22,683 [FATAL] Updater:294 - Updater called before beeing initialized
2023-09-15 21:01:22,734 [ERROR] Updater:1075 - MainUpdater not yet initialized. External WinMGr cannot be set.
2023-09-15 21:01:22,737 [INFO] Updater:1012 - Updater Version found : 6.3.0
2023-09-15 21:01:22,762 [INFO] ApplicationProperties:181 - Using Application install path: C:\ST\STM32CubeIDE_1.7.0\STM32CubeIDE\plugins\com.st.stm32cube.common.mx_6.3.0.202107141111
2023-09-15 21:01:24,299 [INFO] MainUpdater:2671 - connection check result : 10
2023-09-15 21:01:24,301 [INFO] MainUpdater:265 - Updater Check For Update Now.
2023-09-15 21:01:24,302 [INFO] MicroXplorer:478 - Change Database Version : DB.6.0.30
2023-09-15 21:01:24,421 [WARN] MainUpdater:1122 - Updater busy. Cannot search thirdparties
2023-09-15 21:01:24,422 [INFO] ThirdPartyUpdaterWithRetryManager:92 - Updater plugin is busy. [1/15]
2023-09-15 21:01:24,549 [INFO] CheckServerUpdateThread:112 - End of CheckServer Thread
2023-09-15 21:01:24,653 [INFO] MainUpdater:2671 - connection check result : 10
2023-09-15 21:01:25,028 [INFO] McuFinderGlobals:52 - Set McuFinderConnectedMode to false
2023-09-15 21:01:25,168 [INFO] CrossSelectorPresenter:1330 - Cross Selector saved comparison directory: C:\Users\Huy\.stmcufinder\plugins\mcufinder\mcu\cs_comparisons_mx
2023-09-15 21:01:25,175 [INFO] MultiScanPanel:197 - Auto-refresh data requested => check proxy status ongoing
2023-09-15 21:01:25,175 [INFO] MultiScanPanel:201 - Proxy status is invalid
2023-09-15 21:01:25,180 [INFO] FinderPluginLoader:87 - Searching for filters in installed packs
2023-09-15 21:01:25,182 [INFO] DbMcusXml:100 - Load MCU database from C:\ST\STM32CubeIDE_1.7.0\STM32CubeIDE\plugins\com.st.stm32cube.common.mx_6.3.0.202107141111\\db\/mcu/families.xml
2023-09-15 21:01:26,117 [INFO] DbMcusJson:93 - JSON generation date=Tue Nov 16 23:17:54 ICT 2021 (1637079474)
2023-09-15 21:01:26,868 [INFO] DbMcus:175 - Found 1951 MCUs (1903 are supported by CubeMX, 1914 are visible in CubeMX)
2023-09-15 21:01:26,880 [INFO] ApiDb:251 - Load user favorites file C:\Users\Huy/.stm32cubeide/favorites.mcus.txt: 0 item(s)
2023-09-15 21:01:26,880 [INFO] ApiDb:255 - User favorites MCUs=[]
2023-09-15 21:01:26,880 [INFO] DbMcus:187 - Set 0 / 0 favorites MCUs
2023-09-15 21:01:27,391 [INFO] DetailPanel:309 - Set advertising image to C:/Users/Huy/STM32Cube/Repository/\en.prom-stm32h5-mcu-finder.jpg
2023-09-15 21:01:27,607 [ERROR] Engine:463 - C:\Users\Huy\.stm32cubemx\thirdparties\pdsc\STMicroelectronics.X-CUBE-SMBUS.2.1.0.pdsc: PDSC version is not supported
2023-09-15 21:01:27,703 [WARN] PackLoader:238 - Cannot read IP mode file for STMicroelectronics.X-CUBE-AZRTOS-F7.1.1.0
2023-09-15 21:01:27,716 [ERROR] Engine:463 - C:\Users\Huy\.stm32cubemx\thirdparties\pdsc\STMicroelectronics.FP-SNS-MOTENV1.4.3.2.pdsc: PDSC version is not supported
2023-09-15 21:01:27,718 [ERROR] Engine:463 - C:\Users\Huy\.stm32cubemx\thirdparties\pdsc\STMicroelectronics.FP-SNS-FLIGHT1.5.0.2.pdsc: PDSC version is not supported
2023-09-15 21:01:27,722 [ERROR] Engine:463 - C:\Users\Huy\.stm32cubemx\thirdparties\pdsc\STMicroelectronics.X-CUBE-DISPLAY.3.0.0.pdsc: PDSC version is not supported
2023-09-15 21:01:27,728 [WARN] PackLoader:238 - Cannot read IP mode file for STMicroelectronics.X-CUBE-BLE1.7.0.0
2023-09-15 21:01:27,732 [ERROR] Engine:463 - C:\Users\Huy\.stm32cubemx\thirdparties\pdsc\emotas.I-CUBE-CANOPEN.1.3.0.pdsc: PDSC version is not supported
2023-09-15 21:01:27,736 [WARN] PackLoader:238 - Cannot read IP mode file for STMicroelectronics.X-CUBE-TOUCHGFX.4.22.0
2023-09-15 21:01:27,738 [ERROR] Engine:463 - C:\Users\Huy\.stm32cubemx\thirdparties\pdsc\STMicroelectronics.FP-SNS-SMARTAG2.1.2.0.pdsc: PDSC version is not supported
2023-09-15 21:01:27,749 [INFO] LogOutputStream:76 - [STDOUT_REDIRECT] 1 : Invalid condition id : UX_CORESTACK_Condition cause : null
2023-09-15 21:01:27,750 [INFO] LogOutputStream:76 - [STDOUT_REDIRECT] 1 : Invalid condition id : UX_CORESTACK_Condition cause : null
2023-09-15 21:01:27,751 [INFO] LogOutputStream:76 - [STDOUT_REDIRECT] 1 : Invalid condition id : UX_CORESTACK_Condition cause : null
2023-09-15 21:01:27,752 [INFO] LogOutputStream:76 - [STDOUT_REDIRECT] 1 : Invalid condition id : UX_CORESTACK_Condition cause : null
2023-09-15 21:01:27,753 [INFO] LogOutputStream:76 - [STDOUT_REDIRECT] 1 : Invalid condition id : UX_CORESTACK_Condition cause : null
2023-09-15 21:01:27,756 [WARN] PackLoader:238 - Cannot read IP mode file for STMicroelectronics.X-CUBE-AZRTOS-WL.2.0.0
2023-09-15 21:01:27,765 [WARN] PackLoader:238 - Cannot read IP mode file for WES.I-CUBE-Cesium.1.3.0
2023-09-15 21:01:27,769 [WARN] PackLoader:238 - Cannot read IP mode file for STMicroelectronics.X-CUBE-BLE2.3.3.0
2023-09-15 21:01:27,776 [WARN] PackLoader:238 - Cannot read IP mode file for STMicroelectronics.X-CUBE-ALGOBUILD.1.3.0
2023-09-15 21:01:27,795 [WARN] PackLoader:238 - Cannot read IP mode file for STMicroelectronics.X-CUBE-AZRTOS-G0.1.1.0
2023-09-15 21:01:27,817 [WARN] PackLoader:238 - Cannot read IP mode file for STMicroelectronics.X-CUBE-NFC4.3.0.0
2023-09-15 21:01:27,825 [WARN] PackLoader:238 - Cannot read IP mode file for STMicroelectronics.FP-ATR-SIGFOX1.3.2.0
2023-09-15 21:01:27,906 [WARN] PackLoader:238 - Cannot read IP mode file for SEGGER.I-CUBE-embOS.1.3.1
2023-09-15 21:01:27,924 [INFO] DbBoardsPdsc:90 - Found 25 items
2023-09-15 21:01:27,936 [INFO] DbBoardsPdsc:90 - Found 9 items
2023-09-15 21:01:27,954 [INFO] DbBoardsPdsc:90 - Found 33 items
2023-09-15 21:01:27,965 [INFO] DbBoardsPdsc:90 - Found 1 items
2023-09-15 21:01:27,984 [WARN] PackLoader:238 - Cannot read IP mode file for STMicroelectronics.X-CUBE-GNSS1.6.0.0
2023-09-15 21:01:27,985 [INFO] DbBoardsPdsc:90 - Found 48 items
2023-09-15 21:01:28,005 [WARN] PackLoader:238 - Cannot read IP mode file for STMicroelectronics.X-CUBE-AZRTOS-F4.1.1.0
2023-09-15 21:01:28,017 [INFO] DbBoardsPdsc:90 - Found 43 items
2023-09-15 21:01:28,021 [WARN] PackLoader:238 - Cannot read IP mode file for wolfSSL.I-CUBE-wolfSSL.5.6.3
2023-09-15 21:01:28,030 [INFO] DbBoardsPdsc:90 - Found 2 items
2023-09-15 21:01:28,039 [INFO] DbBoardsPdsc:90 - Found 5 items
2023-09-15 21:01:28,044 [WARN] DbBoardsPdsc:254 - Board STM32H7B3I-DK: unknown feature type=Audio, name=, username=Audio stereo codec with Headphone Amp (CS42L51-CNZ), n=1
2023-09-15 21:01:28,044 [WARN] DbBoardsPdsc:254 - Board STM32H735G-DK: unknown feature type=Audio, name=, username=Audio stereo codec with Headphone Amp (WM8994ECS/R), n=1
2023-09-15 21:01:28,047 [WARN] DbBoardsPdsc:254 - Board STM32H7B3I-EVAL: unknown feature type=Audio, name=, username=Multi-Channel Audio Codec (CS42L51-CNZ), n=1
2023-09-15 21:01:28,047 [WARN] DbBoardsPdsc:254 - Board STM32H7B3I-EVAL: unknown feature type=Meter, name=, username=Power-metering and Temperature-monitoring with sigma-delta modulators, n=1
2023-09-15 21:01:28,047 [WARN] DbBoardsPdsc:254 - Board STM32H7B3I-EVAL: unknown feature type=Motor, name=, username=Motor Control, n=1
2023-09-15 21:01:28,054 [WARN] DbBoardsPdsc:254 - Board STM32U575I-EV: unknown feature type=joystick, name=, username=4-direction joystick with selection button, n=1
2023-09-15 21:01:28,055 [WARN] PackLoader:238 - Cannot read IP mode file for STMicroelectronics.X-CUBE-AZRTOS-L5.2.0.0
2023-09-15 21:01:28,108 [INFO] DbBoardsJson:86 - JSON generation date=Tue Nov 16 23:17:54 ICT 2021 (1637079474)
2023-09-15 21:01:28,114 [WARN] PackLoader:238 - Cannot read IP mode file for STMicroelectronics.X-CUBE-MEMS1.9.6.0
2023-09-15 21:01:28,117 [INFO] DbBoards:117 - Found 167 boards (163 are supported by CubeMX)
2023-09-15 21:01:28,130 [INFO] DbBoardsDocs:143 - JSON generation date=Tue Nov 16 23:17:54 ICT 2021 (1637079474)
2023-09-15 21:01:28,135 [INFO] DbBoardsDocs:79 - Found 209 boards documents
2023-09-15 21:01:28,135 [WARN] DbBoards:127 - board B-L475E-IOT01A2 has no document id list !
2023-09-15 21:01:28,137 [WARN] DbBoards:127 - board NUCLEO-H743ZI has no document id list !
2023-09-15 21:01:28,138 [WARN] DbBoards:127 - board NUCLEO-WL55JC2 has no document id list !
2023-09-15 21:01:28,138 [WARN] DbBoards:127 - board P-NUCLEO-WB55-Nucleo has no document id list !
2023-09-15 21:01:28,138 [WARN] DbBoards:127 - board P-NUCLEO-WB55-USBDongle has no document id list !
2023-09-15 21:01:28,138 [WARN] DbBoards:127 - board STEVAL-BFA001V1B has no document id list !
2023-09-15 21:01:28,138 [WARN] DbBoards:127 - board STEVAL-BFA001V2B has no document id list !
2023-09-15 21:01:28,138 [WARN] DbBoards:127 - board STEVAL-IDP005V1 has no document id list !
2023-09-15 21:01:28,138 [WARN] DbBoards:127 - board STEVAL-IDP005V2 has no document id list !
2023-09-15 21:01:28,138 [WARN] DbBoards:127 - board STEVAL-MKSBOX1V1 has no document id list !
2023-09-15 21:01:28,139 [WARN] DbBoards:127 - board STEVAL-STWINKT1 has no document id list !
2023-09-15 21:01:28,139 [WARN] DbBoards:127 - board STEVAL-STWINKT1B has no document id list !
2023-09-15 21:01:28,139 [WARN] DbBoards:127 - board STM32439I-EVAL2 has no document id list !
2023-09-15 21:01:28,139 [WARN] DbBoards:127 - board STM32F401C-DISCO has no document id list !
2023-09-15 21:01:28,140 [WARN] DbBoards:127 - board STM32F769I-DISC1 has no document id list !
2023-09-15 21:01:28,140 [WARN] DbBoards:127 - board STM32G474E-EVAL1 has no document id list !
2023-09-15 21:01:28,140 [WARN] DbBoards:127 - board STM32H743I-EVAL2 has no document id list !
2023-09-15 21:01:28,140 [WARN] DbBoards:127 - board STM32H747I-DISC1 has no document id list !
2023-09-15 21:01:28,141 [WARN] DbBoards:127 - board STM32H753I-EVAL2 has no document id list !
2023-09-15 21:01:28,141 [WARN] DbBoards:127 - board STM32L-DISCOVERY has no document id list !
2023-09-15 21:01:28,330 [ERROR] DbBoards:189 - Image file not found for board B-U585I-IOT02A: C:\ST\STM32CubeIDE_1.7.0\STM32CubeIDE\plugins\com.st.stm32cube.common.mx_6.3.0.202107141111\\db\/plugins/mcufinder/images/boards/B-U585I-IOT02A_small.jpg
2023-09-15 21:01:28,366 [WARN] PackLoader:238 - Cannot read IP mode file for STMicroelectronics.X-CUBE-BLEMGR.2.0.0
2023-09-15 21:01:28,389 [WARN] ConditionMgr:437 - getConditionDescription Invalid condition id : UX DEVICE CLASS RTOS Condition cause : null
2023-09-15 21:01:28,390 [WARN] ConditionMgr:437 - getConditionDescription Invalid condition id : UX DEVICE CLASS RTOS Condition cause : null
2023-09-15 21:01:28,394 [WARN] PackLoader:238 - Cannot read IP mode file for STMicroelectronics.X-CUBE-AZRTOS-H7.3.1.0
2023-09-15 21:01:28,395 [WARN] ConditionMgr:1038 - genDependencies : Invalid condition id : UX DEVICE CLASS RTOS Condition cause : null
2023-09-15 21:01:28,395 [WARN] ConditionMgr:1038 - genDependencies : Invalid condition id : UX DEVICE CLASS RTOS Condition cause : null
2023-09-15 21:01:28,395 [WARN] ConditionMgr:1038 - genDependencies : Invalid condition id : UX DEVICE CLASS RTOS Condition cause : null
2023-09-15 21:01:28,396 [WARN] ConditionMgr:1038 - genDependencies : Invalid condition id : UX DEVICE CLASS RTOS Condition cause : null
2023-09-15 21:01:28,396 [WARN] ConditionMgr:1038 - genDependencies : Invalid condition id : UX DEVICE CLASS RTOS Condition cause : null
2023-09-15 21:01:28,405 [WARN] PackLoader:238 - Cannot read IP mode file for STMicroelectronics.X-CUBE-NFC7.1.0.1
2023-09-15 21:01:28,414 [WARN] PackLoader:238 - Cannot read IP mode file for STMicroelectronics.X-CUBE-NFC6.3.0.0
2023-09-15 21:01:28,422 [WARN] PackLoader:238 - Cannot read IP mode file for STMicroelectronics.X-CUBE-EEPRMA1.4.1.0
2023-09-15 21:01:28,428 [WARN] PackLoader:238 - Cannot read IP mode file for STMicroelectronics.X-CUBE-AI.8.1.0
2023-09-15 21:01:28,447 [WARN] ConditionMgr:437 - getConditionDescription Invalid condition id : LAN8742 Phy interface Condition cause : null
2023-09-15 21:01:28,447 [WARN] PackLoader:238 - Cannot read IP mode file for STMicroelectronics.X-CUBE-AZRTOS-L4.2.0.0
2023-09-15 21:01:28,449 [WARN] ConditionMgr:1038 - genDependencies : Invalid condition id : LAN8742 Phy interface Condition cause : null
2023-09-15 21:01:28,449 [WARN] ConditionMgr:1038 - genDependencies : Invalid condition id : LAN8742 Phy interface Condition cause : null
2023-09-15 21:01:28,450 [ERROR] DbBoards:189 - Image file not found for board NUCLEO-F413ZH: C:\ST\STM32CubeIDE_1.7.0\STM32CubeIDE\plugins\com.st.stm32cube.common.mx_6.3.0.202107141111\\db\/plugins/mcufinder/images/boards/nucleo-f413zh_small.jpg
2023-09-15 21:01:28,450 [WARN] ConditionMgr:1038 - genDependencies : Invalid condition id : LAN8742 Phy interface Condition cause : null
2023-09-15 21:01:28,456 [WARN] PackLoader:238 - Cannot read IP mode file for STMicroelectronics.X-CUBE-SFXS2LP1.4.0.0
2023-09-15 21:01:28,461 [WARN] PackLoader:238 - Cannot read IP mode file for STMicroelectronics.X-CUBE-ISPU.1.1.0
2023-09-15 21:01:28,476 [WARN] ConditionMgr:437 - getConditionDescription Invalid condition id : UX DEVICE CLASS RTOS Condition cause : null
2023-09-15 21:01:28,476 [WARN] ConditionMgr:437 - getConditionDescription Invalid condition id : UX DEVICE CLASS RTOS Condition cause : null
2023-09-15 21:01:28,479 [WARN] PackLoader:238 - Cannot read IP mode file for STMicroelectronics.X-CUBE-AZRTOS-WB.2.0.0
2023-09-15 21:01:28,479 [WARN] ConditionMgr:1038 - genDependencies : Invalid condition id : UX DEVICE CLASS RTOS Condition cause : null
2023-09-15 21:01:28,479 [WARN] ConditionMgr:1038 - genDependencies : Invalid condition id : UX DEVICE CLASS RTOS Condition cause : null
2023-09-15 21:01:28,480 [WARN] ConditionMgr:1038 - genDependencies : Invalid condition id : UX DEVICE CLASS RTOS Condition cause : null
2023-09-15 21:01:28,480 [WARN] ConditionMgr:1038 - genDependencies : Invalid condition id : UX DEVICE CLASS RTOS Condition cause : null
2023-09-15 21:01:28,480 [WARN] ConditionMgr:1038 - genDependencies : Invalid condition id : UX DEVICE CLASS RTOS Condition cause : null
2023-09-15 21:01:28,483 [ERROR] Engine:463 - C:\Users\Huy\.stm32cubemx\thirdparties\pdsc\STMicroelectronics.X-CUBE-FREERTOS.1.0.1.pdsc: PDSC version is not supported
2023-09-15 21:01:28,492 [WARN] PackLoader:238 - Cannot read IP mode file for STMicroelectronics.X-CUBE-SUBG2.5.0.0
2023-09-15 21:01:28,504 [ERROR] Engine:463 - C:\Users\Huy\.stm32cubemx\thirdparties\pdsc\STMicroelectronics.X-CUBE-TOF1.3.3.1.pdsc: PDSC version is not supported
2023-09-15 21:01:28,520 [WARN] PackLoader:238 - Cannot read IP mode file for STMicroelectronics.X-CUBE-AZRTOS-G4.2.0.0
2023-09-15 21:01:28,535 [ERROR] Engine:463 - C:\Users\Huy\.stm32cubemx\thirdparties\pdsc\STMicroelectronics.X-CUBE-FREERTOS.1.1.0.pdsc: PDSC version is not supported
2023-09-15 21:01:28,540 [WARN] PackLoader:238 - Cannot read IP mode file for portGmbH.I-Cube-SoM-uGOAL.1.1.0
2023-09-15 21:01:28,545 [WARN] PackLoader:238 - Cannot read IP mode file for STMicroelectronics.X-CUBE-ALS.1.0.1
2023-09-15 21:01:28,549 [WARN] PackLoader:238 - Cannot read IP mode file for STMicroelectronics.FP-ATR-ASTRA1.2.0.0
2023-09-15 21:01:28,550 [INFO] ThirdParty:915 - Integrity check success = true
2023-09-15 21:01:28,550 [INFO] IntegrityCheckThread:94 - exiting critical section [integrity check]
2023-09-15 21:01:28,550 [INFO] IntegrityCheckThread:97 - End integrity checks thread
2023-09-15 21:01:28,690 [ERROR] DbBoards:189 - Image file not found for board NUCLEO-L552ZE-Q: C:\ST\STM32CubeIDE_1.7.0\STM32CubeIDE\plugins\com.st.stm32cube.common.mx_6.3.0.202107141111\\db\/plugins/mcufinder/images/boards/nucleo_l552ze_q_small.jpg
2023-09-15 21:01:28,690 [ERROR] DbBoards:189 - Image file not found for board NUCLEO-U575ZI-Q: C:\ST\STM32CubeIDE_1.7.0\STM32CubeIDE\plugins\com.st.stm32cube.common.mx_6.3.0.202107141111\\db\/plugins/mcufinder/images/boards/nucleo-u575zi-q_small.jpg
2023-09-15 21:01:28,690 [ERROR] DbBoards:189 - Image file not found for board NUCLEO-WB15CC: C:\ST\STM32CubeIDE_1.7.0\STM32CubeIDE\plugins\com.st.stm32cube.common.mx_6.3.0.202107141111\\db\/plugins/mcufinder/images/boards/nucleo-wb15cc_small.jpg
2023-09-15 21:01:28,690 [ERROR] DbBoards:189 - Image file not found for board NUCLEO-WB55RG: C:\ST\STM32CubeIDE_1.7.0\STM32CubeIDE\plugins\com.st.stm32cube.common.mx_6.3.0.202107141111\\db\/plugins/mcufinder/images/boards/nucleo-wb55rg_small.jpg
2023-09-15 21:01:29,935 [INFO] ApiDb:251 - Load user favorites file C:\Users\Huy/.stm32cubeide/favorites.boards.txt: 0 item(s)
2023-09-15 21:01:29,936 [INFO] ApiDb:255 - User favorites Boards=[]
2023-09-15 21:01:29,936 [INFO] DbBoards:206 - Set 0 / 0 favorites Boards
2023-09-15 21:01:44,274 [INFO] DbMcusDocs:143 - JSON generation date=Tue Nov 16 23:17:54 ICT 2021 (1637079474)
2023-09-15 21:01:44,663 [INFO] DbMcusDocs:79 - Found 682 MCUs documents
2023-09-15 21:01:54,309 [INFO] MainUpdater:2671 - connection check result : 10
2023-09-15 21:01:54,310 [INFO] MainUpdater:2671 - connection check result : 10
2023-09-15 21:01:54,366 [INFO] MicroXplorer:448 - Change Database Path : 
2023-09-15 21:01:54,366 [INFO] MicroXplorer:478 - Change Database Version : DB.6.0.30
2023-09-15 21:01:54,367 [WARN] ThirdParty:813 - waiting for thirdparty lock release [close project]
2023-09-15 21:01:54,367 [INFO] ThirdParty:815 - entering critical section [close project]
2023-09-15 21:01:54,368 [INFO] ThirdParty:825 - exiting critical section [close project]
2023-09-15 21:01:54,372 [INFO] PinOutPanel:1463 - setPackage(No Configuration,No Configuration)
2023-09-15 21:01:54,375 [INFO] UtilMem:74 - Begin LoadConfig() Used Memory: 532779648 Bytes (544210944)
2023-09-15 21:01:54,378 [INFO] MicroXplorer:448 - Change Database Path : 
2023-09-15 21:01:54,378 [INFO] MicroXplorer:478 - Change Database Version : DB.6.0.30
2023-09-15 21:01:54,378 [INFO] OpenFileManager:313 - Change cursor
2023-09-15 21:01:55,176 [INFO] Context:592 - Trying to add GPIOservice into a context  which must be forbidden
2023-09-15 21:01:55,374 [INFO] ImportTextPane:167 - (OptionalMessage_ERROR) Unable to find key (Mcu.ThirdPartyNb) in loaded IOC file
2023-09-15 21:01:55,374 [INFO] ImportTextPane:167 - (OptionalMessage_ERROR) Unable to find key (Mcu.PinsNb) in loaded IOC file
2023-09-15 21:01:55,374 [INFO] ImportTextPane:167 - (OptionalMessage_ERROR) Unable to find key (Mcu.IPNb) in loaded IOC file
2023-09-15 21:01:55,415 [WARN] ApiManager:304 - Cannot register API 'Board Extension:GNSS1A1' from pack STMicroelectronics.X-CUBE-GNSS1.6.0.0: no header file found
2023-09-15 21:01:55,415 [WARN] ApiManager:304 - Cannot register API 'Board Support:Custom' from pack STMicroelectronics.X-CUBE-GNSS1.6.0.0: no header file found
2023-09-15 21:01:55,415 [WARN] ApiManager:304 - Cannot register API 'Data Exchange:lib_gnss' from pack STMicroelectronics.X-CUBE-GNSS1.6.0.0: no header file found
2023-09-15 21:01:55,420 [WARN] ApiManager:304 - Cannot register API 'Wireless:BlueNRG-MS' from pack STMicroelectronics.X-CUBE-BLE1.7.0.0: no header file found
2023-09-15 21:01:55,423 [WARN] ModelIntegratedComponent:60 - No mode defined for component null
2023-09-15 21:01:55,423 [WARN] ModelIntegratedComponent:60 - No mode defined for component null
2023-09-15 21:01:55,423 [WARN] ModelIntegratedComponent:60 - No mode defined for component null
2023-09-15 21:01:55,423 [WARN] ModelIntegratedComponent:60 - No mode defined for component null
2023-09-15 21:01:55,423 [WARN] ModelIntegratedComponent:60 - No mode defined for component null
2023-09-15 21:01:55,423 [WARN] ModelIntegratedComponent:60 - No mode defined for component null
2023-09-15 21:01:55,423 [WARN] ModelIntegratedComponent:60 - No mode defined for component null
2023-09-15 21:01:55,423 [WARN] ModelIntegratedComponent:60 - No mode defined for component null
2023-09-15 21:01:55,424 [WARN] ModelIntegratedComponent:60 - No mode defined for component null
2023-09-15 21:01:55,424 [WARN] ModelIntegratedComponent:60 - No mode defined for component null
2023-09-15 21:01:55,424 [WARN] ModelIntegratedComponent:60 - No mode defined for component null
2023-09-15 21:01:55,424 [WARN] ModelIntegratedComponent:60 - No mode defined for component null
2023-09-15 21:01:55,424 [WARN] ModelIntegratedComponent:60 - No mode defined for component null
2023-09-15 21:01:55,424 [WARN] ModelIntegratedComponent:60 - No mode defined for component null
2023-09-15 21:01:55,424 [WARN] ModelIntegratedComponent:60 - No mode defined for component null
2023-09-15 21:01:55,424 [WARN] ModelIntegratedComponent:60 - No mode defined for component null
2023-09-15 21:01:55,424 [WARN] ModelIntegratedComponent:60 - No mode defined for component null
2023-09-15 21:01:55,424 [WARN] ModelIntegratedComponent:60 - No mode defined for component null
2023-09-15 21:01:55,424 [WARN] ModelIntegratedComponent:60 - No mode defined for component null
2023-09-15 21:01:55,424 [WARN] ModelIntegratedComponent:60 - No mode defined for component null
2023-09-15 21:01:55,425 [WARN] ModelIntegratedComponent:60 - No mode defined for component null
2023-09-15 21:01:55,425 [WARN] ModelIntegratedComponent:60 - No mode defined for component null
2023-09-15 21:01:55,425 [WARN] ModelIntegratedComponent:60 - No mode defined for component null
2023-09-15 21:01:55,425 [WARN] ModelIntegratedComponent:60 - No mode defined for component null
2023-09-15 21:01:55,425 [WARN] ModelIntegratedComponent:60 - No mode defined for component null
2023-09-15 21:01:55,425 [WARN] ModelIntegratedComponent:60 - No mode defined for component null
2023-09-15 21:01:55,425 [WARN] ModelIntegratedComponent:60 - No mode defined for component null
2023-09-15 21:01:55,425 [WARN] ModelIntegratedComponent:60 - No mode defined for component null
2023-09-15 21:01:55,425 [WARN] ModelIntegratedComponent:60 - No mode defined for component null
2023-09-15 21:01:55,425 [WARN] ModelIntegratedComponent:60 - No mode defined for component null
2023-09-15 21:01:55,425 [WARN] ModelIntegratedComponent:60 - No mode defined for component null
2023-09-15 21:01:55,429 [WARN] ApiManager:304 - Cannot register API 'Board Extension:NFC07A1' from pack STMicroelectronics.X-CUBE-NFC7.1.0.1: no header file found
2023-09-15 21:01:55,442 [WARN] ApiManager:304 - Cannot register API 'Board Extension:NFC06A1' from pack STMicroelectronics.X-CUBE-NFC6.3.0.0: no header file found
2023-09-15 21:01:55,442 [WARN] ApiManager:304 - Cannot register API 'Board Extension:NFC08A1' from pack STMicroelectronics.X-CUBE-NFC6.3.0.0: no header file found
2023-09-15 21:01:55,444 [WARN] ApiManager:304 - Cannot register API 'Board Extension:EEPRMA1' from pack STMicroelectronics.X-CUBE-EEPRMA1.4.1.0: no header file found
2023-09-15 21:01:55,444 [WARN] ApiManager:304 - Cannot register API 'Board Extension:EEPRMA2' from pack STMicroelectronics.X-CUBE-EEPRMA1.4.1.0: no header file found
2023-09-15 21:01:55,444 [WARN] ApiManager:304 - Cannot register API 'Board Extension:PGEEZ1' from pack STMicroelectronics.X-CUBE-EEPRMA1.4.1.0: no header file found
2023-09-15 21:01:55,444 [WARN] ApiManager:304 - Cannot register API 'Board Part:M24' from pack STMicroelectronics.X-CUBE-EEPRMA1.4.1.0: no header file found
2023-09-15 21:01:55,444 [WARN] ApiManager:304 - Cannot register API 'Board Part:M95' from pack STMicroelectronics.X-CUBE-EEPRMA1.4.1.0: no header file found
2023-09-15 21:01:55,444 [WARN] ApiManager:304 - Cannot register API 'Board Part:M95P32' from pack STMicroelectronics.X-CUBE-EEPRMA1.4.1.0: no header file found
2023-09-15 21:01:55,444 [WARN] ApiManager:304 - Cannot register API 'PGEEZ1:SPI' from pack STMicroelectronics.X-CUBE-EEPRMA1.4.1.0: no header file found
2023-09-15 21:01:55,444 [WARN] ApiManager:304 - Cannot register API 'PGEEZ1:QDSPI' from pack STMicroelectronics.X-CUBE-EEPRMA1.4.1.0: no header file found
2023-09-15 21:01:55,664 [WARN] ApiManager:304 - Cannot register API 'Board Extension:IKS01A3' from pack STMicroelectronics.X-CUBE-MEMS1.9.6.0: no header file found
2023-09-15 21:01:55,664 [WARN] ApiManager:304 - Cannot register API 'Board Extension:IKS01A2' from pack STMicroelectronics.X-CUBE-MEMS1.9.6.0: no header file found
2023-09-15 21:01:55,664 [WARN] ApiManager:304 - Cannot register API 'Board Extension:IKS02A1' from pack STMicroelectronics.X-CUBE-MEMS1.9.6.0: no header file found
2023-09-15 21:01:55,689 [INFO] RtosManager:484 - Registered RTOS mode: class=CMSIS, group=RTOS, mode=CMSIS_V1, owner=FREERTOS
2023-09-15 21:01:55,689 [INFO] RtosManager:484 - Registered RTOS mode: class=CMSIS, group=RTOS2, mode=CMSIS_V2, owner=FREERTOS
2023-09-15 21:01:55,690 [INFO] RtosManager:484 - Registered RTOS mode: class=RTOS, group=Core, mode=CMSIS_V1, owner=FREERTOS
2023-09-15 21:01:55,690 [INFO] RtosManager:484 - Registered RTOS mode: class=RTOS, group=Core, mode=CMSIS_V2, owner=FREERTOS
2023-09-15 21:01:55,690 [WARN] ModelIntegratedComponent:181 - Missing modes for component STMicroelectronics:FreeRTOS:0.0.1:STMicroelectronics:RTOS:FreeRTOS:Core:::10.2.0:
2023-09-15 21:01:55,695 [WARN] ApiManager:304 - Cannot register API 'Board Extension:NFC04A1' from pack STMicroelectronics.X-CUBE-NFC4.3.0.0: no header file found
2023-09-15 21:01:55,700 [WARN] ApiManager:304 - Cannot register API 'Board Extension:S2868A1' from pack STMicroelectronics.X-CUBE-SUBG2.5.0.0: no header file found
2023-09-15 21:01:55,701 [WARN] ApiManager:304 - Cannot register API 'Board Extension:S2868A2' from pack STMicroelectronics.X-CUBE-SUBG2.5.0.0: no header file found
2023-09-15 21:01:55,701 [WARN] ApiManager:304 - Cannot register API 'Board Extension:S2915A1' from pack STMicroelectronics.X-CUBE-SUBG2.5.0.0: no header file found
2023-09-15 21:01:55,705 [WARN] ApiManager:304 - Cannot register API 'Board Extension:S2868A1' from pack STMicroelectronics.X-CUBE-SFXS2LP1.4.0.0: no header file found
2023-09-15 21:01:55,705 [WARN] ApiManager:304 - Cannot register API 'Board Extension:S2868A2' from pack STMicroelectronics.X-CUBE-SFXS2LP1.4.0.0: no header file found
2023-09-15 21:01:55,706 [WARN] ApiManager:304 - Cannot register API 'Board Extension:S2915A1' from pack STMicroelectronics.X-CUBE-SFXS2LP1.4.0.0: no header file found
2023-09-15 21:01:55,706 [WARN] ApiManager:304 - Cannot register API 'Wireless:BlueNRG-2' from pack STMicroelectronics.X-CUBE-BLE2.3.3.0: no header file found
2023-09-15 21:01:57,623 [INFO] UtilMem:74 - End LoadConfig() Used Memory: 406180464 Bytes (552599552)
2023-09-15 21:01:57,627 [WARN] ThirdParty:779 - waiting for thirdparty lock release [change project]
2023-09-15 21:01:57,627 [INFO] ThirdParty:781 - entering critical section [change project]
2023-09-15 21:01:57,627 [INFO] ThirdParty:967 - CMSIS Pack Vendor :STMicroelectronics X-CUBE-ISPU 1.1.0
2023-09-15 21:01:57,627 [INFO] ThirdParty:967 - CMSIS Pack Vendor :STMicroelectronics X-CUBE-GNSS1 6.0.0
2023-09-15 21:01:57,627 [INFO] ThirdParty:967 - CMSIS Pack Vendor :STMicroelectronics USB_HOST 2.0.0
2023-09-15 21:01:57,627 [INFO] ThirdParty:967 - CMSIS Pack Vendor :STMicroelectronics X-CUBE-AZRTOS-F4 1.1.0
2023-09-15 21:01:57,627 [INFO] ThirdParty:967 - CMSIS Pack Vendor :STMicroelectronics X-CUBE-BLE1 7.0.0
2023-09-15 21:01:57,627 [INFO] ThirdParty:967 - CMSIS Pack Vendor :STMicroelectronics FP-ATR-SIGFOX1 3.2.0
2023-09-15 21:01:57,627 [INFO] ThirdParty:967 - CMSIS Pack Vendor :wolfSSL I-CUBE-wolfSSL 5.6.3
2023-09-15 21:01:57,627 [INFO] ThirdParty:967 - CMSIS Pack Vendor :STMicroelectronics USB_DEVICE 3.0.0
2023-09-15 21:01:57,628 [INFO] ThirdParty:967 - CMSIS Pack Vendor :STMicroelectronics HAL Drivers 0.0.0
2023-09-15 21:01:57,628 [INFO] ThirdParty:967 - CMSIS Pack Vendor :STMicroelectronics MBEDTLS 2.16.2
2023-09-15 21:01:57,628 [INFO] ThirdParty:967 - CMSIS Pack Vendor :STMicroelectronics X-CUBE-AZRTOS-WB 2.0.0
2023-09-15 21:01:57,628 [INFO] ThirdParty:967 - CMSIS Pack Vendor :STMicroelectronics X-CUBE-TOUCHGFX 4.22.0
2023-09-15 21:01:57,628 [INFO] ThirdParty:967 - CMSIS Pack Vendor :STMicroelectronics X-CUBE-NFC7 1.0.1
2023-09-15 21:01:57,628 [INFO] ThirdParty:967 - CMSIS Pack Vendor :STMicroelectronics MBEDTLS 2.14.1
2023-09-15 21:01:57,628 [INFO] ThirdParty:967 - CMSIS Pack Vendor :STMicroelectronics X-CUBE-AZRTOS-F7 1.1.0
2023-09-15 21:01:57,628 [INFO] ThirdParty:967 - CMSIS Pack Vendor :STMicroelectronics X-CUBE-AZRTOS-L5 2.0.0
2023-09-15 21:01:57,628 [INFO] ThirdParty:967 - CMSIS Pack Vendor :STMicroelectronics X-CUBE-NFC6 3.0.0
2023-09-15 21:01:57,628 [INFO] ThirdParty:967 - CMSIS Pack Vendor :STMicroelectronics X-CUBE-EEPRMA1 4.1.0
2023-09-15 21:01:57,628 [INFO] ThirdParty:967 - CMSIS Pack Vendor :portGmbH I-Cube-SoM-uGOAL 1.1.0
2023-09-15 21:01:57,628 [INFO] ThirdParty:967 - CMSIS Pack Vendor :STMicroelectronics X-CUBE-ALS 1.0.1
2023-09-15 21:01:57,628 [INFO] ThirdParty:967 - CMSIS Pack Vendor :STMicroelectronics USB_DEVICE 2.0.0
2023-09-15 21:01:57,628 [INFO] ThirdParty:967 - CMSIS Pack Vendor :STMicroelectronics X-CUBE-MEMS1 9.6.0
2023-09-15 21:01:57,628 [INFO] ThirdParty:967 - CMSIS Pack Vendor :STMicroelectronics X-CUBE-AZRTOS-WL 2.0.0
2023-09-15 21:01:57,628 [INFO] ThirdParty:967 - CMSIS Pack Vendor :STMicroelectronics X-CUBE-ALGOBUILD 1.3.0
2023-09-15 21:01:57,629 [INFO] ThirdParty:967 - CMSIS Pack Vendor :SEGGER I-CUBE-embOS 1.3.1
2023-09-15 21:01:57,629 [INFO] ThirdParty:967 - CMSIS Pack Vendor :STMicroelectronics FreeRTOS 0.0.1
2023-09-15 21:01:57,629 [INFO] ThirdParty:967 - CMSIS Pack Vendor :STMicroelectronics X-CUBE-AZRTOS-G0 1.1.0
2023-09-15 21:01:57,629 [INFO] ThirdParty:967 - CMSIS Pack Vendor :STMicroelectronics USB_DEVICE 1.0.0
2023-09-15 21:01:57,629 [INFO] ThirdParty:967 - CMSIS Pack Vendor :STMicroelectronics X-CUBE-BLEMGR 2.0.0
2023-09-15 21:01:57,629 [INFO] ThirdParty:967 - CMSIS Pack Vendor :STMicroelectronics X-CUBE-AI 8.1.0
2023-09-15 21:01:57,629 [INFO] ThirdParty:967 - CMSIS Pack Vendor :STMicroelectronics X-CUBE-NFC4 3.0.0
2023-09-15 21:01:57,629 [INFO] ThirdParty:967 - CMSIS Pack Vendor :STMicroelectronics X-CUBE-SUBG2 5.0.0
2023-09-15 21:01:57,629 [INFO] ThirdParty:967 - CMSIS Pack Vendor :STMicroelectronics X-CUBE-AZRTOS-L4 2.0.0
2023-09-15 21:01:57,629 [INFO] ThirdParty:967 - CMSIS Pack Vendor :STMicroelectronics ThreadX 0.0.2
2023-09-15 21:01:57,629 [INFO] ThirdParty:967 - CMSIS Pack Vendor :WES I-CUBE-Cesium 1.3.0
2023-09-15 21:01:57,629 [INFO] ThirdParty:967 - CMSIS Pack Vendor :STMicroelectronics FP-ATR-ASTRA1 2.0.0
2023-09-15 21:01:57,629 [INFO] ThirdParty:967 - CMSIS Pack Vendor :STMicroelectronics lwIP 2.0.3
2023-09-15 21:01:57,629 [INFO] ThirdParty:967 - CMSIS Pack Vendor :STMicroelectronics lwIP 2.1.2
2023-09-15 21:01:57,629 [INFO] ThirdParty:967 - CMSIS Pack Vendor :STMicroelectronics X-CUBE-SFXS2LP1 4.0.0
2023-09-15 21:01:57,630 [INFO] ThirdParty:967 - CMSIS Pack Vendor :STMicroelectronics X-CUBE-BLE2 3.3.0
2023-09-15 21:01:57,630 [INFO] ThirdParty:967 - CMSIS Pack Vendor :STMicroelectronics USB_HOST 1.0.0
2023-09-15 21:01:57,630 [INFO] ThirdParty:967 - CMSIS Pack Vendor :STMicroelectronics X-CUBE-AZRTOS-G4 2.0.0
2023-09-15 21:01:57,630 [INFO] ThirdParty:967 - CMSIS Pack Vendor :STMicroelectronics PDM2PCM 3.1.0
2023-09-15 21:01:57,630 [INFO] ThirdParty:967 - CMSIS Pack Vendor :STMicroelectronics X-CUBE-AZRTOS-H7 3.1.0
2023-09-15 21:01:57,630 [INFO] ThirdParty:967 - CMSIS Pack Vendor :STMicroelectronics PDM2PCM 3.2.0
2023-09-15 21:01:57,630 [INFO] ThirdParty:967 - CMSIS Pack Vendor :STMicroelectronics PDM2PCM 3.3.0
2023-09-15 21:01:57,630 [INFO] ThirdParty:787 - exiting critical section [change project]
2023-09-15 21:01:57,979 [INFO] PinOutPanel:1463 - setPackage(No Configuration,No Configuration)
2023-09-15 21:01:57,980 [INFO] PinOutPanel:1463 - setPackage(STM32F103C6Ux,UFQFPN48)
2023-09-15 21:01:58,430 [INFO] UtilMem:74 - Before build in PCC Used Memory: 352145352 Bytes (552599552)
2023-09-15 21:01:59,012 [INFO] UtilMem:74 - After build in PCC Used Memory: 425605784 Bytes (552599552)
2023-09-15 21:01:59,035 [INFO] IPUIPlugin:74 - create IPUIPlugin
2023-09-15 21:01:59,036 [INFO] IPUIPlugin:74 - create IPUIPlugin
2023-09-15 21:01:59,036 [INFO] IPUIPlugin:74 - create IPUIPlugin
2023-09-15 21:01:59,036 [INFO] IPUIPlugin:74 - create IPUIPlugin
2023-09-15 21:01:59,036 [INFO] IPUIPlugin:74 - create IPUIPlugin
2023-09-15 21:01:59,037 [INFO] IPUIPlugin:74 - create IPUIPlugin
2023-09-15 21:01:59,037 [INFO] IPUIPlugin:74 - create IPUIPlugin
2023-09-15 21:01:59,037 [INFO] IPUIPlugin:74 - create IPUIPlugin
2023-09-15 21:01:59,038 [INFO] IPUIPlugin:74 - create IPUIPlugin
2023-09-15 21:01:59,038 [INFO] IPUIPlugin:74 - create IPUIPlugin
2023-09-15 21:01:59,038 [INFO] IPUIPlugin:74 - create IPUIPlugin
2023-09-15 21:01:59,039 [INFO] IPUIPlugin:74 - create IPUIPlugin
2023-09-15 21:01:59,039 [INFO] IPUIPlugin:74 - create IPUIPlugin
2023-09-15 21:01:59,040 [INFO] IPUIPlugin:74 - create IPUIPlugin
2023-09-15 21:01:59,040 [INFO] IPUIPlugin:74 - create IPUIPlugin
2023-09-15 21:01:59,041 [INFO] IPUIPlugin:74 - create IPUIPlugin
2023-09-15 21:01:59,041 [INFO] IPUIPlugin:74 - create IPUIPlugin
2023-09-15 21:01:59,042 [INFO] IPUIPlugin:74 - create IPUIPlugin
2023-09-15 21:01:59,042 [INFO] IPUIPlugin:74 - create IPUIPlugin
2023-09-15 21:01:59,042 [INFO] IPUIPlugin:74 - create IPUIPlugin
2023-09-15 21:01:59,043 [INFO] IPUIPlugin:74 - create IPUIPlugin
2023-09-15 21:01:59,043 [INFO] IPUIPlugin:74 - create IPUIPlugin
2023-09-15 21:01:59,044 [INFO] IPUIPlugin:74 - create IPUIPlugin
2023-09-15 21:01:59,142 [INFO] OpenFileManager:333 - Restore cursor
2023-09-15 21:01:59,471 [INFO] UtilMem:74 - End SaveConfig() Used Memory: 368688688 Bytes (552599552)
2023-09-15 21:01:59,568 [INFO] UtilMem:74 - End SaveConfig() Used Memory: 381193728 Bytes (552599552)
2023-09-15 21:01:59,988 [INFO] BlockDiagram:2740 - set Specific Code input for plugin: NVIC
2023-09-15 21:01:59,989 [INFO] BlockDiagram:2740 - set Specific Code input for plugin: SYS
2023-09-15 21:01:59,989 [INFO] BlockDiagram:2740 - set Specific Code input for plugin: RCC
2023-09-15 21:01:59,990 [INFO] CodeGenerator:663 - code generatio: config db path: C:\ST\STM32CubeIDE_1.7.0\STM32CubeIDE\plugins\com.st.stm32cube.common.mx_6.3.0.202107141111\\db\
2023-09-15 21:02:00,400 [INFO] CodeEngine:239 - oldGeneratedFile, C:\Users\Huy\Desktop\LAB STM32\LAB1\STM32\EX1\MXTmpFiles\license.tmp_save
2023-09-15 21:02:00,745 [INFO] CodeEngine:257 - Generated code: C:\Users\Huy\Desktop\LAB STM32\LAB1\STM32\EX1\MXTmpFiles\license.tmp
2023-09-15 21:02:00,855 [INFO] CodeEngine:239 - oldGeneratedFile, C:\Users\Huy\Desktop\LAB STM32\LAB1\STM32\EX1\Core\Src\stm32f1xx_it.c_save
2023-09-15 21:02:00,994 [INFO] CodeEngine:257 - Generated code: C:\Users\Huy\Desktop\LAB STM32\LAB1\STM32\EX1\Core\Src\stm32f1xx_it.c
2023-09-15 21:02:00,997 [INFO] CodeEngine:239 - oldGeneratedFile, C:\Users\Huy\Desktop\LAB STM32\LAB1\STM32\EX1\Core\Inc\stm32f1xx_it.h_save
2023-09-15 21:02:01,077 [INFO] CodeEngine:257 - Generated code: C:\Users\Huy\Desktop\LAB STM32\LAB1\STM32\EX1\Core\Inc\stm32f1xx_it.h
2023-09-15 21:02:01,088 [INFO] CodeEngine:239 - oldGeneratedFile, C:\Users\Huy\Desktop\LAB STM32\LAB1\STM32\EX1\Core\Src\stm32f1xx_hal_msp.c_save
2023-09-15 21:02:01,219 [INFO] CodeEngine:257 - Generated code: C:\Users\Huy\Desktop\LAB STM32\LAB1\STM32\EX1\Core\Src\stm32f1xx_hal_msp.c
2023-09-15 21:02:01,222 [INFO] CodeEngine:239 - oldGeneratedFile, C:\Users\Huy\Desktop\LAB STM32\LAB1\STM32\EX1\MXTmpFiles\system.tmp_save
2023-09-15 21:02:01,290 [INFO] CodeEngine:257 - Generated code: C:\Users\Huy\Desktop\LAB STM32\LAB1\STM32\EX1\MXTmpFiles\system.tmp
2023-09-15 21:02:01,298 [INFO] CodeEngine:239 - oldGeneratedFile, C:\Users\Huy\Desktop\LAB STM32\LAB1\STM32\EX1\Core\Inc\stm32f1xx_hal_conf.h_save
2023-09-15 21:02:01,415 [INFO] CodeEngine:257 - Generated code: C:\Users\Huy\Desktop\LAB STM32\LAB1\STM32\EX1\Core\Inc\stm32f1xx_hal_conf.h
2023-09-15 21:02:01,468 [INFO] CodeEngine:239 - oldGeneratedFile, C:\Users\Huy\Desktop\LAB STM32\LAB1\STM32\EX1\Core\Inc\main.h_save
2023-09-15 21:02:01,564 [INFO] CodeEngine:257 - Generated code: C:\Users\Huy\Desktop\LAB STM32\LAB1\STM32\EX1\Core\Inc\main.h
2023-09-15 21:02:01,567 [INFO] CodeEngine:239 - oldGeneratedFile, C:\Users\Huy\Desktop\LAB STM32\LAB1\STM32\EX1\Core\Src\main.c_save
2023-09-15 21:02:01,706 [INFO] CodeEngine:257 - Generated code: C:\Users\Huy\Desktop\LAB STM32\LAB1\STM32\EX1\Core\Src\main.c
2023-09-15 21:02:02,694 [INFO] ProjectBuilder:2578 - Time for Copy HAL[1] : 76mS.
2023-09-15 21:02:02,700 [INFO] ProjectBuilder:3622 - Project Generator version: 3.14.1
2023-09-15 21:02:03,545 [INFO] ConfigFileManager:1271 - The Die is : DIE412
2023-09-15 21:02:03,567 [INFO] ApiDbMcu:468 - Load IP Config File for FATFS
2023-09-15 21:02:03,597 [INFO] ApiDbMcu:468 - Load IP Config File for FREERTOS
2023-09-15 21:02:03,623 [INFO] ApiDbMcu:468 - Load IP Config File for USB_DEVICE
2023-09-15 21:02:09,631 [INFO] ProjectBuilder:3789 - Time for Generating toolchain IDE Files: 6931mS.
2023-09-15 21:02:09,632 [INFO] ProjectBuilder:2457 - Time for Copy CMSIS : 1mS.
2023-09-15 21:02:09,634 [INFO] ProjectBuilder:2457 - Time for Copy CMSIS : 0mS.
2023-09-15 21:02:10,984 [INFO] McuFinderGlobals:52 - Set McuFinderConnectedMode to true
2023-09-15 21:02:10,986 [INFO] ApiDb:276 - Save user favorites file C:\Users\Huy/.stm32cubeide/favorites.mcus.txt: 0 item(s)
2023-09-15 21:02:10,986 [INFO] ApiDb:280 - User favorites MCUs=[]
2023-09-15 21:08:27,778 [INFO] UtilMem:74 - End SaveConfig() Used Memory: 765293496 Bytes (930086912)
2023-09-15 21:08:29,583 [INFO] UtilMem:74 - End SaveConfig() Used Memory: 791507896 Bytes (930086912)
2023-09-15 21:35:06,389 [INFO] UtilMem:74 - End SaveConfig() Used Memory: 770819312 Bytes (930086912)
2023-09-15 21:35:07,432 [INFO] UtilMem:74 - End SaveConfig() Used Memory: 796446912 Bytes (930086912)
2023-09-15 21:35:09,010 [INFO] UtilMem:74 - End SaveConfig() Used Memory: 766485216 Bytes (930086912)
2023-09-15 21:35:09,441 [INFO] BlockDiagram:2740 - set Specific Code input for plugin: NVIC
2023-09-15 21:35:09,441 [INFO] BlockDiagram:2740 - set Specific Code input for plugin: SYS
2023-09-15 21:35:09,441 [INFO] BlockDiagram:2740 - set Specific Code input for plugin: GPIO
2023-09-15 21:35:09,441 [INFO] BlockDiagram:2740 - set Specific Code input for plugin: RCC
2023-09-15 21:35:09,442 [INFO] CodeGenerator:663 - code generatio: config db path: C:\ST\STM32CubeIDE_1.7.0\STM32CubeIDE\plugins\com.st.stm32cube.common.mx_6.3.0.202107141111\\db\
2023-09-15 21:35:09,822 [INFO] CodeEngine:239 - oldGeneratedFile, C:\Users\Huy\Desktop\LAB STM32\LAB1\STM32\EX1\MXTmpFiles\license.tmp_save
2023-09-15 21:35:09,943 [INFO] CodeEngine:257 - Generated code: C:\Users\Huy\Desktop\LAB STM32\LAB1\STM32\EX1\MXTmpFiles\license.tmp
2023-09-15 21:35:10,000 [INFO] CodeEngine:239 - oldGeneratedFile, C:\Users\Huy\Desktop\LAB STM32\LAB1\STM32\EX1\MXTmpFiles\gpio.tmp_save
2023-09-15 21:35:10,144 [INFO] CodeEngine:257 - Generated code: C:\Users\Huy\Desktop\LAB STM32\LAB1\STM32\EX1\MXTmpFiles\gpio.tmp
2023-09-15 21:35:10,174 [INFO] CodeEngine:239 - oldGeneratedFile, C:\Users\Huy\Desktop\LAB STM32\LAB1\STM32\EX1\Core\Src\stm32f1xx_it.c_save
2023-09-15 21:35:10,328 [INFO] CodeEngine:257 - Generated code: C:\Users\Huy\Desktop\LAB STM32\LAB1\STM32\EX1\Core\Src\stm32f1xx_it.c
2023-09-15 21:35:10,338 [INFO] CodeEngine:239 - oldGeneratedFile, C:\Users\Huy\Desktop\LAB STM32\LAB1\STM32\EX1\Core\Inc\stm32f1xx_it.h_save
2023-09-15 21:35:10,482 [INFO] CodeEngine:257 - Generated code: C:\Users\Huy\Desktop\LAB STM32\LAB1\STM32\EX1\Core\Inc\stm32f1xx_it.h
2023-09-15 21:35:10,509 [INFO] CodeEngine:239 - oldGeneratedFile, C:\Users\Huy\Desktop\LAB STM32\LAB1\STM32\EX1\Core\Src\stm32f1xx_hal_msp.c_save
2023-09-15 21:35:10,630 [INFO] CodeEngine:257 - Generated code: C:\Users\Huy\Desktop\LAB STM32\LAB1\STM32\EX1\Core\Src\stm32f1xx_hal_msp.c
2023-09-15 21:35:10,633 [INFO] CodeEngine:239 - oldGeneratedFile, C:\Users\Huy\Desktop\LAB STM32\LAB1\STM32\EX1\MXTmpFiles\system.tmp_save
2023-09-15 21:35:10,689 [INFO] CodeEngine:257 - Generated code: C:\Users\Huy\Desktop\LAB STM32\LAB1\STM32\EX1\MXTmpFiles\system.tmp
2023-09-15 21:35:10,707 [INFO] CodeEngine:239 - oldGeneratedFile, C:\Users\Huy\Desktop\LAB STM32\LAB1\STM32\EX1\Core\Inc\stm32f1xx_hal_conf.h_save
2023-09-15 21:35:10,813 [INFO] CodeEngine:257 - Generated code: C:\Users\Huy\Desktop\LAB STM32\LAB1\STM32\EX1\Core\Inc\stm32f1xx_hal_conf.h
2023-09-15 21:35:10,847 [INFO] CodeEngine:239 - oldGeneratedFile, C:\Users\Huy\Desktop\LAB STM32\LAB1\STM32\EX1\Core\Inc\main.h_save
2023-09-15 21:35:10,941 [INFO] CodeEngine:257 - Generated code: C:\Users\Huy\Desktop\LAB STM32\LAB1\STM32\EX1\Core\Inc\main.h
2023-09-15 21:35:10,955 [INFO] CodeEngine:239 - oldGeneratedFile, C:\Users\Huy\Desktop\LAB STM32\LAB1\STM32\EX1\Core\Src\main.c_save
2023-09-15 21:35:11,124 [INFO] CodeEngine:257 - Generated code: C:\Users\Huy\Desktop\LAB STM32\LAB1\STM32\EX1\Core\Src\main.c
2023-09-15 21:35:12,267 [INFO] ProjectBuilder:2578 - Time for Copy HAL[1] : 97mS.
2023-09-15 21:35:12,271 [INFO] ProjectBuilder:3622 - Project Generator version: 3.14.1
2023-09-15 21:35:12,842 [INFO] ConfigFileManager:1271 - The Die is : DIE412
2023-09-15 21:35:15,624 [INFO] ProjectBuilder:3789 - Time for Generating toolchain IDE Files: 3353mS.
2023-09-15 21:35:15,625 [INFO] ProjectBuilder:2457 - Time for Copy CMSIS : 1mS.
2023-09-15 21:35:15,628 [INFO] ProjectBuilder:2457 - Time for Copy CMSIS : 0mS.
2023-09-15 21:49:52,107 [INFO] MainUpdater:2671 - connection check result : 10
2023-09-15 21:49:52,236 [INFO] McuFinderGlobals:52 - Set McuFinderConnectedMode to false
2023-09-15 21:49:52,311 [INFO] CrossSelectorPresenter:1330 - Cross Selector saved comparison directory: C:\Users\Huy\.stmcufinder\plugins\mcufinder\mcu\cs_comparisons_mx
2023-09-15 21:49:52,315 [INFO] MultiScanPanel:197 - Auto-refresh data requested => check proxy status ongoing
2023-09-15 21:49:52,315 [INFO] MultiScanPanel:201 - Proxy status is invalid
2023-09-15 21:49:52,315 [INFO] FinderPluginLoader:87 - Searching for filters in installed packs
2023-09-15 21:49:52,706 [INFO] DetailPanel:309 - Set advertising image to C:/Users/Huy/STM32Cube/Repository/\en.prom-stm32h5-mcu-finder.jpg
2023-09-15 21:51:11,678 [INFO] McuFinderGlobals:52 - Set McuFinderConnectedMode to true
2023-09-15 21:51:11,732 [INFO] ApiDb:276 - Save user favorites file C:\Users\Huy/.stm32cubeide/favorites.mcus.txt: 0 item(s)
2023-09-15 21:51:11,732 [INFO] ApiDb:280 - User favorites MCUs=[]
2023-09-15 22:14:09,049 [INFO] MainUpdater:2671 - connection check result : 10
2023-09-15 22:14:09,051 [INFO] MainUpdater:2671 - connection check result : 10
2023-09-15 22:14:09,215 [INFO] MicroXplorer:448 - Change Database Path : 
2023-09-15 22:14:09,216 [INFO] MicroXplorer:478 - Change Database Version : DB.6.0.30
2023-09-15 22:14:09,216 [WARN] ThirdParty:813 - waiting for thirdparty lock release [close project]
2023-09-15 22:14:09,216 [INFO] ThirdParty:815 - entering critical section [close project]
2023-09-15 22:14:09,217 [INFO] ThirdParty:825 - exiting critical section [close project]
2023-09-15 22:14:09,218 [INFO] PinOutPanel:1463 - setPackage(No Configuration,No Configuration)
2023-09-15 22:14:09,241 [INFO] UtilMem:74 - Begin LoadConfig() Used Memory: 838465480 Bytes (1073741824)
2023-09-15 22:14:09,242 [INFO] MicroXplorer:448 - Change Database Path : 
2023-09-15 22:14:09,242 [INFO] MicroXplorer:478 - Change Database Version : DB.6.0.30
2023-09-15 22:14:09,242 [INFO] OpenFileManager:313 - Change cursor
2023-09-15 22:14:09,385 [INFO] RulesReader:57 - Compatibility file has been processed (242 Rules)
2023-09-15 22:14:10,067 [INFO] Context:592 - Trying to add GPIOservice into a context  which must be forbidden
2023-09-15 22:14:10,285 [WARN] ApiManager:304 - Cannot register API 'Board Extension:GNSS1A1' from pack STMicroelectronics.X-CUBE-GNSS1.6.0.0: no header file found
2023-09-15 22:14:10,286 [WARN] ApiManager:304 - Cannot register API 'Board Support:Custom' from pack STMicroelectronics.X-CUBE-GNSS1.6.0.0: no header file found
2023-09-15 22:14:10,286 [WARN] ApiManager:304 - Cannot register API 'Data Exchange:lib_gnss' from pack STMicroelectronics.X-CUBE-GNSS1.6.0.0: no header file found
2023-09-15 22:14:10,293 [WARN] ApiManager:304 - Cannot register API 'Wireless:BlueNRG-MS' from pack STMicroelectronics.X-CUBE-BLE1.7.0.0: no header file found
2023-09-15 22:14:10,296 [WARN] ModelIntegratedComponent:60 - No mode defined for component null
2023-09-15 22:14:10,296 [WARN] ModelIntegratedComponent:60 - No mode defined for component null
2023-09-15 22:14:10,296 [WARN] ModelIntegratedComponent:60 - No mode defined for component null
2023-09-15 22:14:10,297 [WARN] ModelIntegratedComponent:60 - No mode defined for component null
2023-09-15 22:14:10,297 [WARN] ModelIntegratedComponent:60 - No mode defined for component null
2023-09-15 22:14:10,298 [WARN] ModelIntegratedComponent:60 - No mode defined for component null
2023-09-15 22:14:10,298 [WARN] ModelIntegratedComponent:60 - No mode defined for component null
2023-09-15 22:14:10,298 [WARN] ModelIntegratedComponent:60 - No mode defined for component null
2023-09-15 22:14:10,298 [WARN] ModelIntegratedComponent:60 - No mode defined for component null
2023-09-15 22:14:10,299 [WARN] ModelIntegratedComponent:60 - No mode defined for component null
2023-09-15 22:14:10,299 [WARN] ModelIntegratedComponent:60 - No mode defined for component null
2023-09-15 22:14:10,299 [WARN] ModelIntegratedComponent:60 - No mode defined for component null
2023-09-15 22:14:10,299 [WARN] ModelIntegratedComponent:60 - No mode defined for component null
2023-09-15 22:14:10,300 [WARN] ModelIntegratedComponent:60 - No mode defined for component null
2023-09-15 22:14:10,300 [WARN] ModelIntegratedComponent:60 - No mode defined for component null
2023-09-15 22:14:10,300 [WARN] ModelIntegratedComponent:60 - No mode defined for component null
2023-09-15 22:14:10,300 [WARN] ModelIntegratedComponent:60 - No mode defined for component null
2023-09-15 22:14:10,300 [WARN] ModelIntegratedComponent:60 - No mode defined for component null
2023-09-15 22:14:10,301 [WARN] ModelIntegratedComponent:60 - No mode defined for component null
2023-09-15 22:14:10,301 [WARN] ModelIntegratedComponent:60 - No mode defined for component null
2023-09-15 22:14:10,301 [WARN] ModelIntegratedComponent:60 - No mode defined for component null
2023-09-15 22:14:10,301 [WARN] ModelIntegratedComponent:60 - No mode defined for component null
2023-09-15 22:14:10,301 [WARN] ModelIntegratedComponent:60 - No mode defined for component null
2023-09-15 22:14:10,301 [WARN] ModelIntegratedComponent:60 - No mode defined for component null
2023-09-15 22:14:10,302 [WARN] ModelIntegratedComponent:60 - No mode defined for component null
2023-09-15 22:14:10,302 [WARN] ModelIntegratedComponent:60 - No mode defined for component null
2023-09-15 22:14:10,302 [WARN] ModelIntegratedComponent:60 - No mode defined for component null
2023-09-15 22:14:10,302 [WARN] ModelIntegratedComponent:60 - No mode defined for component null
2023-09-15 22:14:10,303 [WARN] ModelIntegratedComponent:60 - No mode defined for component null
2023-09-15 22:14:10,303 [WARN] ModelIntegratedComponent:60 - No mode defined for component null
2023-09-15 22:14:10,303 [WARN] ModelIntegratedComponent:60 - No mode defined for component null
2023-09-15 22:14:10,308 [WARN] ApiManager:304 - Cannot register API 'Board Extension:NFC07A1' from pack STMicroelectronics.X-CUBE-NFC7.1.0.1: no header file found
2023-09-15 22:14:10,318 [WARN] ApiManager:304 - Cannot register API 'Board Extension:NFC06A1' from pack STMicroelectronics.X-CUBE-NFC6.3.0.0: no header file found
2023-09-15 22:14:10,318 [WARN] ApiManager:304 - Cannot register API 'Board Extension:NFC08A1' from pack STMicroelectronics.X-CUBE-NFC6.3.0.0: no header file found
2023-09-15 22:14:10,320 [WARN] ApiManager:304 - Cannot register API 'Board Extension:EEPRMA1' from pack STMicroelectronics.X-CUBE-EEPRMA1.4.1.0: no header file found
2023-09-15 22:14:10,320 [WARN] ApiManager:304 - Cannot register API 'Board Extension:EEPRMA2' from pack STMicroelectronics.X-CUBE-EEPRMA1.4.1.0: no header file found
2023-09-15 22:14:10,320 [WARN] ApiManager:304 - Cannot register API 'Board Extension:PGEEZ1' from pack STMicroelectronics.X-CUBE-EEPRMA1.4.1.0: no header file found
2023-09-15 22:14:10,320 [WARN] ApiManager:304 - Cannot register API 'Board Part:M24' from pack STMicroelectronics.X-CUBE-EEPRMA1.4.1.0: no header file found
2023-09-15 22:14:10,320 [WARN] ApiManager:304 - Cannot register API 'Board Part:M95' from pack STMicroelectronics.X-CUBE-EEPRMA1.4.1.0: no header file found
2023-09-15 22:14:10,321 [WARN] ApiManager:304 - Cannot register API 'Board Part:M95P32' from pack STMicroelectronics.X-CUBE-EEPRMA1.4.1.0: no header file found
2023-09-15 22:14:10,321 [WARN] ApiManager:304 - Cannot register API 'PGEEZ1:SPI' from pack STMicroelectronics.X-CUBE-EEPRMA1.4.1.0: no header file found
2023-09-15 22:14:10,321 [WARN] ApiManager:304 - Cannot register API 'PGEEZ1:QDSPI' from pack STMicroelectronics.X-CUBE-EEPRMA1.4.1.0: no header file found
2023-09-15 22:14:10,569 [WARN] ApiManager:304 - Cannot register API 'Board Extension:IKS01A3' from pack STMicroelectronics.X-CUBE-MEMS1.9.6.0: no header file found
2023-09-15 22:14:10,569 [WARN] ApiManager:304 - Cannot register API 'Board Extension:IKS01A2' from pack STMicroelectronics.X-CUBE-MEMS1.9.6.0: no header file found
2023-09-15 22:14:10,569 [WARN] ApiManager:304 - Cannot register API 'Board Extension:IKS02A1' from pack STMicroelectronics.X-CUBE-MEMS1.9.6.0: no header file found
2023-09-15 22:14:10,583 [INFO] RtosManager:484 - Registered RTOS mode: class=CMSIS, group=RTOS, mode=CMSIS_V1, owner=FREERTOS
2023-09-15 22:14:10,583 [INFO] RtosManager:484 - Registered RTOS mode: class=CMSIS, group=RTOS2, mode=CMSIS_V2, owner=FREERTOS
2023-09-15 22:14:10,583 [INFO] RtosManager:484 - Registered RTOS mode: class=RTOS, group=Core, mode=CMSIS_V1, owner=FREERTOS
2023-09-15 22:14:10,583 [INFO] RtosManager:484 - Registered RTOS mode: class=RTOS, group=Core, mode=CMSIS_V2, owner=FREERTOS
2023-09-15 22:14:10,583 [WARN] ModelIntegratedComponent:181 - Missing modes for component STMicroelectronics:FreeRTOS:0.0.1:STMicroelectronics:RTOS:FreeRTOS:Core:::10.2.0:
2023-09-15 22:14:10,586 [WARN] ApiManager:304 - Cannot register API 'Board Extension:NFC04A1' from pack STMicroelectronics.X-CUBE-NFC4.3.0.0: no header file found
2023-09-15 22:14:10,589 [WARN] ApiManager:304 - Cannot register API 'Board Extension:S2868A1' from pack STMicroelectronics.X-CUBE-SUBG2.5.0.0: no header file found
2023-09-15 22:14:10,589 [WARN] ApiManager:304 - Cannot register API 'Board Extension:S2868A2' from pack STMicroelectronics.X-CUBE-SUBG2.5.0.0: no header file found
2023-09-15 22:14:10,589 [WARN] ApiManager:304 - Cannot register API 'Board Extension:S2915A1' from pack STMicroelectronics.X-CUBE-SUBG2.5.0.0: no header file found
2023-09-15 22:14:10,592 [WARN] ApiManager:304 - Cannot register API 'Board Extension:S2868A1' from pack STMicroelectronics.X-CUBE-SFXS2LP1.4.0.0: no header file found
2023-09-15 22:14:10,592 [WARN] ApiManager:304 - Cannot register API 'Board Extension:S2868A2' from pack STMicroelectronics.X-CUBE-SFXS2LP1.4.0.0: no header file found
2023-09-15 22:14:10,592 [WARN] ApiManager:304 - Cannot register API 'Board Extension:S2915A1' from pack STMicroelectronics.X-CUBE-SFXS2LP1.4.0.0: no header file found
2023-09-15 22:14:10,593 [WARN] ApiManager:304 - Cannot register API 'Wireless:BlueNRG-2' from pack STMicroelectronics.X-CUBE-BLE2.3.3.0: no header file found
2023-09-15 22:14:12,673 [INFO] UtilMem:74 - End LoadConfig() Used Memory: 797411624 Bytes (1073741824)
2023-09-15 22:14:12,674 [WARN] ThirdParty:779 - waiting for thirdparty lock release [change project]
2023-09-15 22:14:12,674 [INFO] ThirdParty:781 - entering critical section [change project]
2023-09-15 22:14:12,674 [INFO] ThirdParty:967 - CMSIS Pack Vendor :STMicroelectronics X-CUBE-ISPU 1.1.0
2023-09-15 22:14:12,674 [INFO] ThirdParty:967 - CMSIS Pack Vendor :STMicroelectronics X-CUBE-GNSS1 6.0.0
2023-09-15 22:14:12,674 [INFO] ThirdParty:967 - CMSIS Pack Vendor :STMicroelectronics USB_HOST 2.0.0
2023-09-15 22:14:12,674 [INFO] ThirdParty:967 - CMSIS Pack Vendor :STMicroelectronics X-CUBE-AZRTOS-F4 1.1.0
2023-09-15 22:14:12,674 [INFO] ThirdParty:967 - CMSIS Pack Vendor :STMicroelectronics X-CUBE-BLE1 7.0.0
2023-09-15 22:14:12,674 [INFO] ThirdParty:967 - CMSIS Pack Vendor :STMicroelectronics FP-ATR-SIGFOX1 3.2.0
2023-09-15 22:14:12,675 [INFO] ThirdParty:967 - CMSIS Pack Vendor :wolfSSL I-CUBE-wolfSSL 5.6.3
2023-09-15 22:14:12,675 [INFO] ThirdParty:967 - CMSIS Pack Vendor :STMicroelectronics USB_DEVICE 3.0.0
2023-09-15 22:14:12,675 [INFO] ThirdParty:967 - CMSIS Pack Vendor :STMicroelectronics HAL Drivers 0.0.0
2023-09-15 22:14:12,675 [INFO] ThirdParty:967 - CMSIS Pack Vendor :STMicroelectronics MBEDTLS 2.16.2
2023-09-15 22:14:12,675 [INFO] ThirdParty:967 - CMSIS Pack Vendor :STMicroelectronics X-CUBE-AZRTOS-WB 2.0.0
2023-09-15 22:14:12,675 [INFO] ThirdParty:967 - CMSIS Pack Vendor :STMicroelectronics X-CUBE-TOUCHGFX 4.22.0
2023-09-15 22:14:12,675 [INFO] ThirdParty:967 - CMSIS Pack Vendor :STMicroelectronics X-CUBE-NFC7 1.0.1
2023-09-15 22:14:12,675 [INFO] ThirdParty:967 - CMSIS Pack Vendor :STMicroelectronics MBEDTLS 2.14.1
2023-09-15 22:14:12,675 [INFO] ThirdParty:967 - CMSIS Pack Vendor :STMicroelectronics X-CUBE-AZRTOS-F7 1.1.0
2023-09-15 22:14:12,675 [INFO] ThirdParty:967 - CMSIS Pack Vendor :STMicroelectronics X-CUBE-AZRTOS-L5 2.0.0
2023-09-15 22:14:12,675 [INFO] ThirdParty:967 - CMSIS Pack Vendor :STMicroelectronics X-CUBE-NFC6 3.0.0
2023-09-15 22:14:12,675 [INFO] ThirdParty:967 - CMSIS Pack Vendor :STMicroelectronics X-CUBE-EEPRMA1 4.1.0
2023-09-15 22:14:12,676 [INFO] ThirdParty:967 - CMSIS Pack Vendor :portGmbH I-Cube-SoM-uGOAL 1.1.0
2023-09-15 22:14:12,676 [INFO] ThirdParty:967 - CMSIS Pack Vendor :STMicroelectronics X-CUBE-ALS 1.0.1
2023-09-15 22:14:12,676 [INFO] ThirdParty:967 - CMSIS Pack Vendor :STMicroelectronics USB_DEVICE 2.0.0
2023-09-15 22:14:12,676 [INFO] ThirdParty:967 - CMSIS Pack Vendor :STMicroelectronics X-CUBE-MEMS1 9.6.0
2023-09-15 22:14:12,676 [INFO] ThirdParty:967 - CMSIS Pack Vendor :STMicroelectronics X-CUBE-AZRTOS-WL 2.0.0
2023-09-15 22:14:12,676 [INFO] ThirdParty:967 - CMSIS Pack Vendor :STMicroelectronics X-CUBE-ALGOBUILD 1.3.0
2023-09-15 22:14:12,676 [INFO] ThirdParty:967 - CMSIS Pack Vendor :SEGGER I-CUBE-embOS 1.3.1
2023-09-15 22:14:12,676 [INFO] ThirdParty:967 - CMSIS Pack Vendor :STMicroelectronics FreeRTOS 0.0.1
2023-09-15 22:14:12,676 [INFO] ThirdParty:967 - CMSIS Pack Vendor :STMicroelectronics X-CUBE-AZRTOS-G0 1.1.0
2023-09-15 22:14:12,676 [INFO] ThirdParty:967 - CMSIS Pack Vendor :STMicroelectronics USB_DEVICE 1.0.0
2023-09-15 22:14:12,676 [INFO] ThirdParty:967 - CMSIS Pack Vendor :STMicroelectronics X-CUBE-BLEMGR 2.0.0
2023-09-15 22:14:12,676 [INFO] ThirdParty:967 - CMSIS Pack Vendor :STMicroelectronics X-CUBE-AI 8.1.0
2023-09-15 22:14:12,676 [INFO] ThirdParty:967 - CMSIS Pack Vendor :STMicroelectronics X-CUBE-NFC4 3.0.0
2023-09-15 22:14:12,677 [INFO] ThirdParty:967 - CMSIS Pack Vendor :STMicroelectronics X-CUBE-SUBG2 5.0.0
2023-09-15 22:14:12,677 [INFO] ThirdParty:967 - CMSIS Pack Vendor :STMicroelectronics X-CUBE-AZRTOS-L4 2.0.0
2023-09-15 22:14:12,677 [INFO] ThirdParty:967 - CMSIS Pack Vendor :STMicroelectronics ThreadX 0.0.2
2023-09-15 22:14:12,677 [INFO] ThirdParty:967 - CMSIS Pack Vendor :WES I-CUBE-Cesium 1.3.0
2023-09-15 22:14:12,677 [INFO] ThirdParty:967 - CMSIS Pack Vendor :STMicroelectronics FP-ATR-ASTRA1 2.0.0
2023-09-15 22:14:12,677 [INFO] ThirdParty:967 - CMSIS Pack Vendor :STMicroelectronics lwIP 2.0.3
2023-09-15 22:14:12,677 [INFO] ThirdParty:967 - CMSIS Pack Vendor :STMicroelectronics lwIP 2.1.2
2023-09-15 22:14:12,677 [INFO] ThirdParty:967 - CMSIS Pack Vendor :STMicroelectronics X-CUBE-SFXS2LP1 4.0.0
2023-09-15 22:14:12,678 [INFO] ThirdParty:967 - CMSIS Pack Vendor :STMicroelectronics X-CUBE-BLE2 3.3.0
2023-09-15 22:14:12,678 [INFO] ThirdParty:967 - CMSIS Pack Vendor :STMicroelectronics USB_HOST 1.0.0
2023-09-15 22:14:12,678 [INFO] ThirdParty:967 - CMSIS Pack Vendor :STMicroelectronics X-CUBE-AZRTOS-G4 2.0.0
2023-09-15 22:14:12,678 [INFO] ThirdParty:967 - CMSIS Pack Vendor :STMicroelectronics PDM2PCM 3.1.0
2023-09-15 22:14:12,678 [INFO] ThirdParty:967 - CMSIS Pack Vendor :STMicroelectronics X-CUBE-AZRTOS-H7 3.1.0
2023-09-15 22:14:12,678 [INFO] ThirdParty:967 - CMSIS Pack Vendor :STMicroelectronics PDM2PCM 3.2.0
2023-09-15 22:14:12,678 [INFO] ThirdParty:967 - CMSIS Pack Vendor :STMicroelectronics PDM2PCM 3.3.0
2023-09-15 22:14:12,679 [INFO] ThirdParty:787 - exiting critical section [change project]
2023-09-15 22:14:12,840 [INFO] PinOutPanel:1463 - setPackage(No Configuration,No Configuration)
2023-09-15 22:14:12,842 [INFO] PinOutPanel:1463 - setPackage(STM32F103C6Ux,UFQFPN48)
2023-09-15 22:14:13,166 [INFO] UtilMem:74 - Before build in PCC Used Memory: 881295656 Bytes (1073741824)
2023-09-15 22:14:13,495 [INFO] UtilMem:74 - After build in PCC Used Memory: 766691936 Bytes (1073741824)
2023-09-15 22:14:13,514 [INFO] IPUIPlugin:74 - create IPUIPlugin
2023-09-15 22:14:13,514 [INFO] IPUIPlugin:74 - create IPUIPlugin
2023-09-15 22:14:13,514 [INFO] IPUIPlugin:74 - create IPUIPlugin
2023-09-15 22:14:13,514 [INFO] IPUIPlugin:74 - create IPUIPlugin
2023-09-15 22:14:13,515 [INFO] IPUIPlugin:74 - create IPUIPlugin
2023-09-15 22:14:13,515 [INFO] IPUIPlugin:74 - create IPUIPlugin
2023-09-15 22:14:13,515 [INFO] IPUIPlugin:74 - create IPUIPlugin
2023-09-15 22:14:13,515 [INFO] IPUIPlugin:74 - create IPUIPlugin
2023-09-15 22:14:13,515 [INFO] IPUIPlugin:74 - create IPUIPlugin
2023-09-15 22:14:13,515 [INFO] IPUIPlugin:74 - create IPUIPlugin
2023-09-15 22:14:13,516 [INFO] IPUIPlugin:74 - create IPUIPlugin
2023-09-15 22:14:13,516 [INFO] IPUIPlugin:74 - create IPUIPlugin
2023-09-15 22:14:13,516 [INFO] IPUIPlugin:74 - create IPUIPlugin
2023-09-15 22:14:13,516 [INFO] IPUIPlugin:74 - create IPUIPlugin
2023-09-15 22:14:13,517 [INFO] IPUIPlugin:74 - create IPUIPlugin
2023-09-15 22:14:13,517 [INFO] IPUIPlugin:74 - create IPUIPlugin
2023-09-15 22:14:13,518 [INFO] IPUIPlugin:74 - create IPUIPlugin
2023-09-15 22:14:13,518 [INFO] IPUIPlugin:74 - create IPUIPlugin
2023-09-15 22:14:13,519 [INFO] IPUIPlugin:74 - create IPUIPlugin
2023-09-15 22:14:13,519 [INFO] IPUIPlugin:74 - create IPUIPlugin
2023-09-15 22:14:13,519 [INFO] IPUIPlugin:74 - create IPUIPlugin
2023-09-15 22:14:13,520 [INFO] IPUIPlugin:74 - create IPUIPlugin
2023-09-15 22:14:13,521 [INFO] IPUIPlugin:74 - create IPUIPlugin
2023-09-15 22:14:13,534 [INFO] OpenFileManager:333 - Restore cursor
2023-09-15 22:14:27,914 [INFO] UtilMem:74 - End SaveConfig() Used Memory: 771055360 Bytes (1073741824)
2023-09-15 22:14:29,924 [INFO] UtilMem:74 - End SaveConfig() Used Memory: 804868576 Bytes (1073741824)
2023-09-15 22:14:34,121 [INFO] UtilMem:74 - End SaveConfig() Used Memory: 759340032 Bytes (1073741824)
2023-09-15 22:14:34,492 [INFO] BlockDiagram:2740 - set Specific Code input for plugin: NVIC
2023-09-15 22:14:34,493 [INFO] BlockDiagram:2740 - set Specific Code input for plugin: SYS
2023-09-15 22:14:34,493 [INFO] BlockDiagram:2740 - set Specific Code input for plugin: GPIO
2023-09-15 22:14:34,493 [INFO] BlockDiagram:2740 - set Specific Code input for plugin: RCC
2023-09-15 22:14:34,494 [INFO] CodeGenerator:663 - code generatio: config db path: C:\ST\STM32CubeIDE_1.7.0\STM32CubeIDE\plugins\com.st.stm32cube.common.mx_6.3.0.202107141111\\db\
2023-09-15 22:14:34,905 [INFO] CodeEngine:239 - oldGeneratedFile, C:\Users\Huy\Desktop\LAB STM32\LAB1\STM32\EX1\MXTmpFiles\license.tmp_save
2023-09-15 22:14:35,087 [INFO] CodeEngine:257 - Generated code: C:\Users\Huy\Desktop\LAB STM32\LAB1\STM32\EX1\MXTmpFiles\license.tmp
2023-09-15 22:14:35,127 [INFO] CodeEngine:239 - oldGeneratedFile, C:\Users\Huy\Desktop\LAB STM32\LAB1\STM32\EX1\MXTmpFiles\gpio.tmp_save
2023-09-15 22:14:35,216 [INFO] CodeEngine:257 - Generated code: C:\Users\Huy\Desktop\LAB STM32\LAB1\STM32\EX1\MXTmpFiles\gpio.tmp
2023-09-15 22:14:35,253 [INFO] CodeEngine:239 - oldGeneratedFile, C:\Users\Huy\Desktop\LAB STM32\LAB1\STM32\EX1\Core\Src\stm32f1xx_it.c_save
2023-09-15 22:14:35,482 [INFO] CodeEngine:257 - Generated code: C:\Users\Huy\Desktop\LAB STM32\LAB1\STM32\EX1\Core\Src\stm32f1xx_it.c
2023-09-15 22:14:35,497 [INFO] CodeEngine:239 - oldGeneratedFile, C:\Users\Huy\Desktop\LAB STM32\LAB1\STM32\EX1\Core\Inc\stm32f1xx_it.h_save
2023-09-15 22:14:35,610 [INFO] CodeEngine:257 - Generated code: C:\Users\Huy\Desktop\LAB STM32\LAB1\STM32\EX1\Core\Inc\stm32f1xx_it.h
2023-09-15 22:14:35,633 [INFO] CodeEngine:239 - oldGeneratedFile, C:\Users\Huy\Desktop\LAB STM32\LAB1\STM32\EX1\Core\Src\stm32f1xx_hal_msp.c_save
2023-09-15 22:14:35,781 [INFO] CodeEngine:257 - Generated code: C:\Users\Huy\Desktop\LAB STM32\LAB1\STM32\EX1\Core\Src\stm32f1xx_hal_msp.c
2023-09-15 22:14:35,785 [INFO] CodeEngine:239 - oldGeneratedFile, C:\Users\Huy\Desktop\LAB STM32\LAB1\STM32\EX1\MXTmpFiles\system.tmp_save
2023-09-15 22:14:35,877 [INFO] CodeEngine:257 - Generated code: C:\Users\Huy\Desktop\LAB STM32\LAB1\STM32\EX1\MXTmpFiles\system.tmp
2023-09-15 22:14:35,896 [INFO] CodeEngine:239 - oldGeneratedFile, C:\Users\Huy\Desktop\LAB STM32\LAB1\STM32\EX1\Core\Inc\stm32f1xx_hal_conf.h_save
2023-09-15 22:14:36,018 [INFO] CodeEngine:257 - Generated code: C:\Users\Huy\Desktop\LAB STM32\LAB1\STM32\EX1\Core\Inc\stm32f1xx_hal_conf.h
2023-09-15 22:14:36,074 [INFO] CodeEngine:239 - oldGeneratedFile, C:\Users\Huy\Desktop\LAB STM32\LAB1\STM32\EX1\Core\Inc\main.h_save
2023-09-15 22:14:36,173 [INFO] CodeEngine:257 - Generated code: C:\Users\Huy\Desktop\LAB STM32\LAB1\STM32\EX1\Core\Inc\main.h
2023-09-15 22:14:36,207 [INFO] CodeEngine:239 - oldGeneratedFile, C:\Users\Huy\Desktop\LAB STM32\LAB1\STM32\EX1\Core\Src\main.c_save
2023-09-15 22:14:36,389 [INFO] CodeEngine:257 - Generated code: C:\Users\Huy\Desktop\LAB STM32\LAB1\STM32\EX1\Core\Src\main.c
2023-09-15 22:14:37,355 [INFO] ProjectBuilder:2578 - Time for Copy HAL[1] : 147mS.
2023-09-15 22:14:37,360 [INFO] ProjectBuilder:3622 - Project Generator version: 3.14.1
2023-09-15 22:14:38,069 [INFO] ConfigFileManager:1271 - The Die is : DIE412
2023-09-15 22:14:38,082 [INFO] ApiDbMcu:468 - Load IP Config File for FATFS
2023-09-15 22:14:38,137 [INFO] ApiDbMcu:468 - Load IP Config File for FREERTOS
2023-09-15 22:14:38,186 [INFO] ApiDbMcu:468 - Load IP Config File for USB_DEVICE
2023-09-15 22:14:40,571 [INFO] ProjectBuilder:3789 - Time for Generating toolchain IDE Files: 3211mS.
2023-09-15 22:14:40,572 [INFO] ProjectBuilder:2457 - Time for Copy CMSIS : 1mS.
2023-09-15 22:14:40,575 [INFO] ProjectBuilder:2457 - Time for Copy CMSIS : 0mS.
2023-09-15 22:29:56,247 [INFO] UtilMem:74 - End SaveConfig() Used Memory: 737416224 Bytes (1073741824)
2023-09-15 22:29:57,326 [INFO] UtilMem:74 - End SaveConfig() Used Memory: 759436320 Bytes (1073741824)
2023-09-15 22:29:59,707 [INFO] UtilMem:74 - End SaveConfig() Used Memory: 874952528 Bytes (1073741824)
2023-09-15 22:30:00,109 [INFO] BlockDiagram:2740 - set Specific Code input for plugin: NVIC
2023-09-15 22:30:00,109 [INFO] BlockDiagram:2740 - set Specific Code input for plugin: SYS
2023-09-15 22:30:00,109 [INFO] BlockDiagram:2740 - set Specific Code input for plugin: GPIO
2023-09-15 22:30:00,109 [INFO] BlockDiagram:2740 - set Specific Code input for plugin: RCC
2023-09-15 22:30:00,110 [INFO] CodeGenerator:663 - code generatio: config db path: C:\ST\STM32CubeIDE_1.7.0\STM32CubeIDE\plugins\com.st.stm32cube.common.mx_6.3.0.202107141111\\db\
2023-09-15 22:30:00,397 [INFO] CodeEngine:239 - oldGeneratedFile, C:\Users\Huy\Desktop\LAB STM32\LAB1\STM32\EX1\MXTmpFiles\license.tmp_save
2023-09-15 22:30:00,489 [INFO] CodeEngine:257 - Generated code: C:\Users\Huy\Desktop\LAB STM32\LAB1\STM32\EX1\MXTmpFiles\license.tmp
2023-09-15 22:30:00,528 [INFO] CodeEngine:239 - oldGeneratedFile, C:\Users\Huy\Desktop\LAB STM32\LAB1\STM32\EX1\MXTmpFiles\gpio.tmp_save
2023-09-15 22:30:00,683 [INFO] CodeEngine:257 - Generated code: C:\Users\Huy\Desktop\LAB STM32\LAB1\STM32\EX1\MXTmpFiles\gpio.tmp
2023-09-15 22:30:00,720 [INFO] CodeEngine:239 - oldGeneratedFile, C:\Users\Huy\Desktop\LAB STM32\LAB1\STM32\EX1\Core\Src\stm32f1xx_it.c_save
2023-09-15 22:30:00,821 [INFO] CodeEngine:257 - Generated code: C:\Users\Huy\Desktop\LAB STM32\LAB1\STM32\EX1\Core\Src\stm32f1xx_it.c
2023-09-15 22:30:00,826 [INFO] CodeEngine:239 - oldGeneratedFile, C:\Users\Huy\Desktop\LAB STM32\LAB1\STM32\EX1\Core\Inc\stm32f1xx_it.h_save
2023-09-15 22:30:00,913 [INFO] CodeEngine:257 - Generated code: C:\Users\Huy\Desktop\LAB STM32\LAB1\STM32\EX1\Core\Inc\stm32f1xx_it.h
2023-09-15 22:30:00,934 [INFO] CodeEngine:239 - oldGeneratedFile, C:\Users\Huy\Desktop\LAB STM32\LAB1\STM32\EX1\Core\Src\stm32f1xx_hal_msp.c_save
2023-09-15 22:30:01,037 [INFO] CodeEngine:257 - Generated code: C:\Users\Huy\Desktop\LAB STM32\LAB1\STM32\EX1\Core\Src\stm32f1xx_hal_msp.c
2023-09-15 22:30:01,040 [INFO] CodeEngine:239 - oldGeneratedFile, C:\Users\Huy\Desktop\LAB STM32\LAB1\STM32\EX1\MXTmpFiles\system.tmp_save
2023-09-15 22:30:01,090 [INFO] CodeEngine:257 - Generated code: C:\Users\Huy\Desktop\LAB STM32\LAB1\STM32\EX1\MXTmpFiles\system.tmp
2023-09-15 22:30:01,108 [INFO] CodeEngine:239 - oldGeneratedFile, C:\Users\Huy\Desktop\LAB STM32\LAB1\STM32\EX1\Core\Inc\stm32f1xx_hal_conf.h_save
2023-09-15 22:30:01,196 [INFO] CodeEngine:257 - Generated code: C:\Users\Huy\Desktop\LAB STM32\LAB1\STM32\EX1\Core\Inc\stm32f1xx_hal_conf.h
2023-09-15 22:30:01,235 [INFO] CodeEngine:239 - oldGeneratedFile, C:\Users\Huy\Desktop\LAB STM32\LAB1\STM32\EX1\Core\Inc\main.h_save
2023-09-15 22:30:01,355 [INFO] CodeEngine:257 - Generated code: C:\Users\Huy\Desktop\LAB STM32\LAB1\STM32\EX1\Core\Inc\main.h
2023-09-15 22:30:01,369 [INFO] CodeEngine:239 - oldGeneratedFile, C:\Users\Huy\Desktop\LAB STM32\LAB1\STM32\EX1\Core\Src\main.c_save
2023-09-15 22:30:01,508 [INFO] CodeEngine:257 - Generated code: C:\Users\Huy\Desktop\LAB STM32\LAB1\STM32\EX1\Core\Src\main.c
2023-09-15 22:30:02,567 [INFO] ProjectBuilder:2578 - Time for Copy HAL[1] : 97mS.
2023-09-15 22:30:02,570 [INFO] ProjectBuilder:3622 - Project Generator version: 3.14.1
2023-09-15 22:30:03,100 [INFO] ConfigFileManager:1271 - The Die is : DIE412
2023-09-15 22:30:05,396 [INFO] ProjectBuilder:3789 - Time for Generating toolchain IDE Files: 2826mS.
2023-09-15 22:30:05,396 [INFO] ProjectBuilder:2457 - Time for Copy CMSIS : 0mS.
2023-09-15 22:30:05,396 [INFO] ProjectBuilder:2457 - Time for Copy CMSIS : 0mS.
2023-09-15 22:31:13,990 [INFO] UtilMem:74 - End SaveConfig() Used Memory: 747402936 Bytes (1073741824)
2023-09-15 22:31:15,034 [INFO] UtilMem:74 - End SaveConfig() Used Memory: 766622504 Bytes (1073741824)
2023-09-15 22:31:16,427 [INFO] UtilMem:74 - End SaveConfig() Used Memory: 805267088 Bytes (1073741824)
2023-09-15 22:31:16,794 [INFO] BlockDiagram:2740 - set Specific Code input for plugin: NVIC
2023-09-15 22:31:16,795 [INFO] BlockDiagram:2740 - set Specific Code input for plugin: SYS
2023-09-15 22:31:16,795 [INFO] BlockDiagram:2740 - set Specific Code input for plugin: GPIO
2023-09-15 22:31:16,795 [INFO] BlockDiagram:2740 - set Specific Code input for plugin: RCC
2023-09-15 22:31:16,796 [INFO] CodeGenerator:663 - code generatio: config db path: C:\ST\STM32CubeIDE_1.7.0\STM32CubeIDE\plugins\com.st.stm32cube.common.mx_6.3.0.202107141111\\db\
2023-09-15 22:31:17,059 [INFO] CodeEngine:239 - oldGeneratedFile, C:\Users\Huy\Desktop\LAB STM32\LAB1\STM32\EX1\MXTmpFiles\license.tmp_save
2023-09-15 22:31:17,155 [INFO] CodeEngine:257 - Generated code: C:\Users\Huy\Desktop\LAB STM32\LAB1\STM32\EX1\MXTmpFiles\license.tmp
2023-09-15 22:31:17,171 [INFO] CodeEngine:239 - oldGeneratedFile, C:\Users\Huy\Desktop\LAB STM32\LAB1\STM32\EX1\MXTmpFiles\gpio.tmp_save
2023-09-15 22:31:17,311 [INFO] CodeEngine:257 - Generated code: C:\Users\Huy\Desktop\LAB STM32\LAB1\STM32\EX1\MXTmpFiles\gpio.tmp
2023-09-15 22:31:17,341 [INFO] CodeEngine:239 - oldGeneratedFile, C:\Users\Huy\Desktop\LAB STM32\LAB1\STM32\EX1\Core\Src\stm32f1xx_it.c_save
2023-09-15 22:31:17,437 [INFO] CodeEngine:257 - Generated code: C:\Users\Huy\Desktop\LAB STM32\LAB1\STM32\EX1\Core\Src\stm32f1xx_it.c
2023-09-15 22:31:17,441 [INFO] CodeEngine:239 - oldGeneratedFile, C:\Users\Huy\Desktop\LAB STM32\LAB1\STM32\EX1\Core\Inc\stm32f1xx_it.h_save
2023-09-15 22:31:17,522 [INFO] CodeEngine:257 - Generated code: C:\Users\Huy\Desktop\LAB STM32\LAB1\STM32\EX1\Core\Inc\stm32f1xx_it.h
2023-09-15 22:31:17,543 [INFO] CodeEngine:239 - oldGeneratedFile, C:\Users\Huy\Desktop\LAB STM32\LAB1\STM32\EX1\Core\Src\stm32f1xx_hal_msp.c_save
2023-09-15 22:31:17,666 [INFO] CodeEngine:257 - Generated code: C:\Users\Huy\Desktop\LAB STM32\LAB1\STM32\EX1\Core\Src\stm32f1xx_hal_msp.c
2023-09-15 22:31:17,673 [INFO] CodeEngine:239 - oldGeneratedFile, C:\Users\Huy\Desktop\LAB STM32\LAB1\STM32\EX1\MXTmpFiles\system.tmp_save
2023-09-15 22:31:17,760 [INFO] CodeEngine:257 - Generated code: C:\Users\Huy\Desktop\LAB STM32\LAB1\STM32\EX1\MXTmpFiles\system.tmp
2023-09-15 22:31:17,779 [INFO] CodeEngine:239 - oldGeneratedFile, C:\Users\Huy\Desktop\LAB STM32\LAB1\STM32\EX1\Core\Inc\stm32f1xx_hal_conf.h_save
2023-09-15 22:31:17,912 [INFO] CodeEngine:257 - Generated code: C:\Users\Huy\Desktop\LAB STM32\LAB1\STM32\EX1\Core\Inc\stm32f1xx_hal_conf.h
2023-09-15 22:31:17,950 [INFO] CodeEngine:239 - oldGeneratedFile, C:\Users\Huy\Desktop\LAB STM32\LAB1\STM32\EX1\Core\Inc\main.h_save
2023-09-15 22:31:18,026 [INFO] CodeEngine:257 - Generated code: C:\Users\Huy\Desktop\LAB STM32\LAB1\STM32\EX1\Core\Inc\main.h
2023-09-15 22:31:18,039 [INFO] CodeEngine:239 - oldGeneratedFile, C:\Users\Huy\Desktop\LAB STM32\LAB1\STM32\EX1\Core\Src\main.c_save
2023-09-15 22:31:18,180 [INFO] CodeEngine:257 - Generated code: C:\Users\Huy\Desktop\LAB STM32\LAB1\STM32\EX1\Core\Src\main.c
2023-09-15 22:31:19,087 [INFO] ProjectBuilder:2578 - Time for Copy HAL[1] : 72mS.
2023-09-15 22:31:19,092 [INFO] ProjectBuilder:3622 - Project Generator version: 3.14.1
2023-09-15 22:31:19,639 [INFO] ConfigFileManager:1271 - The Die is : DIE412
2023-09-15 22:31:22,087 [INFO] ProjectBuilder:3789 - Time for Generating toolchain IDE Files: 2995mS.
2023-09-15 22:31:22,087 [INFO] ProjectBuilder:2457 - Time for Copy CMSIS : 0mS.
2023-09-15 22:31:22,103 [INFO] ProjectBuilder:2457 - Time for Copy CMSIS : 16mS.
2023-09-15 22:50:05,807 [INFO] UtilMem:74 - End SaveConfig() Used Memory: 733700120 Bytes (1073741824)
2023-09-15 22:50:06,744 [INFO] UtilMem:74 - End SaveConfig() Used Memory: 759660552 Bytes (1073741824)
2023-09-15 22:50:08,290 [INFO] UtilMem:74 - End SaveConfig() Used Memory: 799340616 Bytes (1073741824)
2023-09-15 22:50:08,718 [INFO] BlockDiagram:2740 - set Specific Code input for plugin: NVIC
2023-09-15 22:50:08,718 [INFO] BlockDiagram:2740 - set Specific Code input for plugin: SYS
2023-09-15 22:50:08,719 [INFO] BlockDiagram:2740 - set Specific Code input for plugin: GPIO
2023-09-15 22:50:08,719 [INFO] BlockDiagram:2740 - set Specific Code input for plugin: RCC
2023-09-15 22:50:08,720 [INFO] CodeGenerator:663 - code generatio: config db path: C:\ST\STM32CubeIDE_1.7.0\STM32CubeIDE\plugins\com.st.stm32cube.common.mx_6.3.0.202107141111\\db\
2023-09-15 22:50:09,058 [INFO] CodeEngine:239 - oldGeneratedFile, C:\Users\Huy\Desktop\LAB STM32\LAB1\STM32\EX1\MXTmpFiles\license.tmp_save
2023-09-15 22:50:09,126 [INFO] CodeEngine:257 - Generated code: C:\Users\Huy\Desktop\LAB STM32\LAB1\STM32\EX1\MXTmpFiles\license.tmp
2023-09-15 22:50:09,152 [INFO] CodeEngine:239 - oldGeneratedFile, C:\Users\Huy\Desktop\LAB STM32\LAB1\STM32\EX1\MXTmpFiles\gpio.tmp_save
2023-09-15 22:50:09,240 [INFO] CodeEngine:257 - Generated code: C:\Users\Huy\Desktop\LAB STM32\LAB1\STM32\EX1\MXTmpFiles\gpio.tmp
2023-09-15 22:50:09,280 [INFO] CodeEngine:239 - oldGeneratedFile, C:\Users\Huy\Desktop\LAB STM32\LAB1\STM32\EX1\Core\Src\stm32f1xx_it.c_save
2023-09-15 22:50:09,544 [INFO] CodeEngine:257 - Generated code: C:\Users\Huy\Desktop\LAB STM32\LAB1\STM32\EX1\Core\Src\stm32f1xx_it.c
2023-09-15 22:50:09,550 [INFO] CodeEngine:239 - oldGeneratedFile, C:\Users\Huy\Desktop\LAB STM32\LAB1\STM32\EX1\Core\Inc\stm32f1xx_it.h_save
2023-09-15 22:50:09,685 [INFO] CodeEngine:257 - Generated code: C:\Users\Huy\Desktop\LAB STM32\LAB1\STM32\EX1\Core\Inc\stm32f1xx_it.h
2023-09-15 22:50:09,727 [INFO] CodeEngine:239 - oldGeneratedFile, C:\Users\Huy\Desktop\LAB STM32\LAB1\STM32\EX1\Core\Src\stm32f1xx_hal_msp.c_save
2023-09-15 22:50:09,859 [INFO] CodeEngine:257 - Generated code: C:\Users\Huy\Desktop\LAB STM32\LAB1\STM32\EX1\Core\Src\stm32f1xx_hal_msp.c
2023-09-15 22:50:09,863 [INFO] CodeEngine:239 - oldGeneratedFile, C:\Users\Huy\Desktop\LAB STM32\LAB1\STM32\EX1\MXTmpFiles\system.tmp_save
2023-09-15 22:50:09,923 [INFO] CodeEngine:257 - Generated code: C:\Users\Huy\Desktop\LAB STM32\LAB1\STM32\EX1\MXTmpFiles\system.tmp
2023-09-15 22:50:09,940 [INFO] CodeEngine:239 - oldGeneratedFile, C:\Users\Huy\Desktop\LAB STM32\LAB1\STM32\EX1\Core\Inc\stm32f1xx_hal_conf.h_save
2023-09-15 22:50:10,035 [INFO] CodeEngine:257 - Generated code: C:\Users\Huy\Desktop\LAB STM32\LAB1\STM32\EX1\Core\Inc\stm32f1xx_hal_conf.h
2023-09-15 22:50:10,119 [INFO] CodeEngine:239 - oldGeneratedFile, C:\Users\Huy\Desktop\LAB STM32\LAB1\STM32\EX1\Core\Inc\main.h_save
2023-09-15 22:50:10,220 [INFO] CodeEngine:257 - Generated code: C:\Users\Huy\Desktop\LAB STM32\LAB1\STM32\EX1\Core\Inc\main.h
2023-09-15 22:50:10,234 [INFO] CodeEngine:239 - oldGeneratedFile, C:\Users\Huy\Desktop\LAB STM32\LAB1\STM32\EX1\Core\Src\main.c_save
2023-09-15 22:50:10,411 [INFO] CodeEngine:257 - Generated code: C:\Users\Huy\Desktop\LAB STM32\LAB1\STM32\EX1\Core\Src\main.c
2023-09-15 22:50:11,544 [INFO] ProjectBuilder:2578 - Time for Copy HAL[1] : 101mS.
2023-09-15 22:50:11,549 [INFO] ProjectBuilder:3622 - Project Generator version: 3.14.1
2023-09-15 22:50:12,074 [INFO] ConfigFileManager:1271 - The Die is : DIE412
2023-09-15 22:50:14,300 [INFO] ProjectBuilder:3789 - Time for Generating toolchain IDE Files: 2751mS.
2023-09-15 22:50:14,301 [INFO] ProjectBuilder:2457 - Time for Copy CMSIS : 0mS.
2023-09-15 22:50:14,305 [INFO] ProjectBuilder:2457 - Time for Copy CMSIS : 1mS.
2023-09-15 22:51:38,290 [INFO] UtilMem:74 - End SaveConfig() Used Memory: 827355064 Bytes (1073741824)
2023-09-15 22:51:39,379 [INFO] UtilMem:74 - End SaveConfig() Used Memory: 849713472 Bytes (1073741824)
2023-09-15 22:51:41,213 [INFO] UtilMem:74 - End SaveConfig() Used Memory: 889231704 Bytes (1073741824)
2023-09-15 22:51:41,617 [INFO] BlockDiagram:2740 - set Specific Code input for plugin: NVIC
2023-09-15 22:51:41,617 [INFO] BlockDiagram:2740 - set Specific Code input for plugin: SYS
2023-09-15 22:51:41,617 [INFO] BlockDiagram:2740 - set Specific Code input for plugin: GPIO
2023-09-15 22:51:41,618 [INFO] BlockDiagram:2740 - set Specific Code input for plugin: RCC
2023-09-15 22:51:41,619 [INFO] CodeGenerator:663 - code generatio: config db path: C:\ST\STM32CubeIDE_1.7.0\STM32CubeIDE\plugins\com.st.stm32cube.common.mx_6.3.0.202107141111\\db\
2023-09-15 22:51:41,981 [INFO] CodeEngine:239 - oldGeneratedFile, C:\Users\Huy\Desktop\LAB STM32\LAB1\STM32\EX1\MXTmpFiles\license.tmp_save
2023-09-15 22:51:42,045 [INFO] CodeEngine:257 - Generated code: C:\Users\Huy\Desktop\LAB STM32\LAB1\STM32\EX1\MXTmpFiles\license.tmp
2023-09-15 22:51:42,068 [INFO] CodeEngine:239 - oldGeneratedFile, C:\Users\Huy\Desktop\LAB STM32\LAB1\STM32\EX1\MXTmpFiles\gpio.tmp_save
2023-09-15 22:51:42,175 [INFO] CodeEngine:257 - Generated code: C:\Users\Huy\Desktop\LAB STM32\LAB1\STM32\EX1\MXTmpFiles\gpio.tmp
2023-09-15 22:51:42,207 [INFO] CodeEngine:239 - oldGeneratedFile, C:\Users\Huy\Desktop\LAB STM32\LAB1\STM32\EX1\Core\Src\stm32f1xx_it.c_save
2023-09-15 22:51:42,381 [INFO] CodeEngine:257 - Generated code: C:\Users\Huy\Desktop\LAB STM32\LAB1\STM32\EX1\Core\Src\stm32f1xx_it.c
2023-09-15 22:51:42,386 [INFO] CodeEngine:239 - oldGeneratedFile, C:\Users\Huy\Desktop\LAB STM32\LAB1\STM32\EX1\Core\Inc\stm32f1xx_it.h_save
2023-09-15 22:51:42,492 [INFO] CodeEngine:257 - Generated code: C:\Users\Huy\Desktop\LAB STM32\LAB1\STM32\EX1\Core\Inc\stm32f1xx_it.h
2023-09-15 22:51:42,536 [INFO] CodeEngine:239 - oldGeneratedFile, C:\Users\Huy\Desktop\LAB STM32\LAB1\STM32\EX1\Core\Src\stm32f1xx_hal_msp.c_save
2023-09-15 22:51:42,693 [INFO] CodeEngine:257 - Generated code: C:\Users\Huy\Desktop\LAB STM32\LAB1\STM32\EX1\Core\Src\stm32f1xx_hal_msp.c
2023-09-15 22:51:42,697 [INFO] CodeEngine:239 - oldGeneratedFile, C:\Users\Huy\Desktop\LAB STM32\LAB1\STM32\EX1\MXTmpFiles\system.tmp_save
2023-09-15 22:51:42,765 [INFO] CodeEngine:257 - Generated code: C:\Users\Huy\Desktop\LAB STM32\LAB1\STM32\EX1\MXTmpFiles\system.tmp
2023-09-15 22:51:42,780 [INFO] CodeEngine:239 - oldGeneratedFile, C:\Users\Huy\Desktop\LAB STM32\LAB1\STM32\EX1\Core\Inc\stm32f1xx_hal_conf.h_save
2023-09-15 22:51:42,880 [INFO] CodeEngine:257 - Generated code: C:\Users\Huy\Desktop\LAB STM32\LAB1\STM32\EX1\Core\Inc\stm32f1xx_hal_conf.h
2023-09-15 22:51:42,915 [INFO] CodeEngine:239 - oldGeneratedFile, C:\Users\Huy\Desktop\LAB STM32\LAB1\STM32\EX1\Core\Inc\main.h_save
2023-09-15 22:51:43,016 [INFO] CodeEngine:257 - Generated code: C:\Users\Huy\Desktop\LAB STM32\LAB1\STM32\EX1\Core\Inc\main.h
2023-09-15 22:51:43,030 [INFO] CodeEngine:239 - oldGeneratedFile, C:\Users\Huy\Desktop\LAB STM32\LAB1\STM32\EX1\Core\Src\main.c_save
2023-09-15 22:51:43,160 [INFO] CodeEngine:257 - Generated code: C:\Users\Huy\Desktop\LAB STM32\LAB1\STM32\EX1\Core\Src\main.c
2023-09-15 22:51:44,220 [INFO] ProjectBuilder:2578 - Time for Copy HAL[1] : 77mS.
2023-09-15 22:51:44,225 [INFO] ProjectBuilder:3622 - Project Generator version: 3.14.1
2023-09-15 22:51:44,845 [INFO] ConfigFileManager:1271 - The Die is : DIE412
2023-09-15 22:51:47,143 [INFO] ProjectBuilder:3789 - Time for Generating toolchain IDE Files: 2918mS.
2023-09-15 22:51:47,144 [INFO] ProjectBuilder:2457 - Time for Copy CMSIS : 1mS.
2023-09-15 22:51:47,148 [INFO] ProjectBuilder:2457 - Time for Copy CMSIS : 1mS.
